{
  "uid" : "caa7b1a1da90102a",
  "name" : "Elegir diferentes tematicas o niveles -- @1.2 Tematicas",
  "fullName" : "Juego del Ahorcado: Elegir diferentes tematicas o niveles",
  "historyId" : "67b2db2db63e57229387451eed36b952",
  "time" : {
    "start" : 1700945588182,
    "stop" : 1700945588845,
    "duration" : 663
  },
  "status" : "broken",
  "statusMessage" : "selenium.common.exceptions.SessionNotCreatedException: Message: session not created: Chrome failed to start: exited normally.\n  (session not created: DevToolsActivePort file doesn't exist)\n  (The process started from chrome location /usr/bin/google-chrome is no longer running, so ChromeDriver is assuming that Chrome has crashed.)\nStacktrace:\n#0 0x563c003d65e3 <unknown>\n#1 0x563c000990b7 <unknown>\n#2 0x563c000cfe55 <unknown>\n#3 0x563c000ccb81 <unknown>\n#4 0x563c0011747f <unknown>\n#5 0x563c0010dcc3 <unknown>\n#6 0x563c000d90e4 <unknown>\n#7 0x563c000da0ae <unknown>\n#8 0x563c0039cce1 <unknown>\n#9 0x563c003a0b7e <unknown>\n#10 0x563c0038a4b5 <unknown>\n#11 0x563c003a17d6 <unknown>\n#12 0x563c0036ddbf <unknown>\n#13 0x563c003c4748 <unknown>\n#14 0x563c003c4917 <unknown>\n#15 0x563c003d5773 <unknown>\n#16 0x7f6293894ac3 <unknown>\n\n",
  "statusTrace" : "  File \"/opt/hostedtoolcache/Python/3.11.2/x64/lib/python3.11/site-packages/behave/model.py\", line 1329, in run\n    match.run(runner.context)\n  File \"/opt/hostedtoolcache/Python/3.11.2/x64/lib/python3.11/site-packages/behave/matchers.py\", line 98, in run\n    self.func(context, *args, **kwargs)\n  File \"features/steps/ahorcado_steps.py\", line 31, in step_given\n    context.driver = webdriver.Chrome()\n                     ^^^^^^^^^^^^^^^^^^\n  File \"/opt/hostedtoolcache/Python/3.11.2/x64/lib/python3.11/site-packages/selenium/webdriver/chrome/webdriver.py\", line 45, in __init__\n    super().__init__(\n  File \"/opt/hostedtoolcache/Python/3.11.2/x64/lib/python3.11/site-packages/selenium/webdriver/chromium/webdriver.py\", line 56, in __init__\n    super().__init__(\n  File \"/opt/hostedtoolcache/Python/3.11.2/x64/lib/python3.11/site-packages/selenium/webdriver/remote/webdriver.py\", line 208, in __init__\n    self.start_session(capabilities)\n  File \"/opt/hostedtoolcache/Python/3.11.2/x64/lib/python3.11/site-packages/selenium/webdriver/remote/webdriver.py\", line 292, in start_session\n    response = self.execute(Command.NEW_SESSION, caps)[\"value\"]\n               ^^^^^^^^^^^^^^^^^^^^^^^^^^^^^^^^^^^^^^^\n  File \"/opt/hostedtoolcache/Python/3.11.2/x64/lib/python3.11/site-packages/selenium/webdriver/remote/webdriver.py\", line 347, in execute\n    self.error_handler.check_response(response)\n  File \"/opt/hostedtoolcache/Python/3.11.2/x64/lib/python3.11/site-packages/selenium/webdriver/remote/errorhandler.py\", line 229, in check_response\n    raise exception_class(message, screen, stacktrace)\n",
  "flaky" : false,
  "newFailed" : false,
  "beforeStages" : [ ],
  "testStage" : {
    "status" : "broken",
    "statusMessage" : "selenium.common.exceptions.SessionNotCreatedException: Message: session not created: Chrome failed to start: exited normally.\n  (session not created: DevToolsActivePort file doesn't exist)\n  (The process started from chrome location /usr/bin/google-chrome is no longer running, so ChromeDriver is assuming that Chrome has crashed.)\nStacktrace:\n#0 0x563c003d65e3 <unknown>\n#1 0x563c000990b7 <unknown>\n#2 0x563c000cfe55 <unknown>\n#3 0x563c000ccb81 <unknown>\n#4 0x563c0011747f <unknown>\n#5 0x563c0010dcc3 <unknown>\n#6 0x563c000d90e4 <unknown>\n#7 0x563c000da0ae <unknown>\n#8 0x563c0039cce1 <unknown>\n#9 0x563c003a0b7e <unknown>\n#10 0x563c0038a4b5 <unknown>\n#11 0x563c003a17d6 <unknown>\n#12 0x563c0036ddbf <unknown>\n#13 0x563c003c4748 <unknown>\n#14 0x563c003c4917 <unknown>\n#15 0x563c003d5773 <unknown>\n#16 0x7f6293894ac3 <unknown>\n\n",
    "statusTrace" : "  File \"/opt/hostedtoolcache/Python/3.11.2/x64/lib/python3.11/site-packages/behave/model.py\", line 1329, in run\n    match.run(runner.context)\n  File \"/opt/hostedtoolcache/Python/3.11.2/x64/lib/python3.11/site-packages/behave/matchers.py\", line 98, in run\n    self.func(context, *args, **kwargs)\n  File \"features/steps/ahorcado_steps.py\", line 31, in step_given\n    context.driver = webdriver.Chrome()\n                     ^^^^^^^^^^^^^^^^^^\n  File \"/opt/hostedtoolcache/Python/3.11.2/x64/lib/python3.11/site-packages/selenium/webdriver/chrome/webdriver.py\", line 45, in __init__\n    super().__init__(\n  File \"/opt/hostedtoolcache/Python/3.11.2/x64/lib/python3.11/site-packages/selenium/webdriver/chromium/webdriver.py\", line 56, in __init__\n    super().__init__(\n  File \"/opt/hostedtoolcache/Python/3.11.2/x64/lib/python3.11/site-packages/selenium/webdriver/remote/webdriver.py\", line 208, in __init__\n    self.start_session(capabilities)\n  File \"/opt/hostedtoolcache/Python/3.11.2/x64/lib/python3.11/site-packages/selenium/webdriver/remote/webdriver.py\", line 292, in start_session\n    response = self.execute(Command.NEW_SESSION, caps)[\"value\"]\n               ^^^^^^^^^^^^^^^^^^^^^^^^^^^^^^^^^^^^^^^\n  File \"/opt/hostedtoolcache/Python/3.11.2/x64/lib/python3.11/site-packages/selenium/webdriver/remote/webdriver.py\", line 347, in execute\n    self.error_handler.check_response(response)\n  File \"/opt/hostedtoolcache/Python/3.11.2/x64/lib/python3.11/site-packages/selenium/webdriver/remote/errorhandler.py\", line 229, in check_response\n    raise exception_class(message, screen, stacktrace)\n",
    "steps" : [ {
      "name" : "Given Que estoy en la p치gina del Juego del Ahorcado",
      "time" : {
        "start" : 1700945588182,
        "stop" : 1700945588844,
        "duration" : 662
      },
      "status" : "broken",
      "statusMessage" : "selenium.common.exceptions.SessionNotCreatedException: Message: session not created: Chrome failed to start: exited normally.\n  (session not created: DevToolsActivePort file doesn't exist)\n  (The process started from chrome location /usr/bin/google-chrome is no longer running, so ChromeDriver is assuming that Chrome has crashed.)\nStacktrace:\n#0 0x563c003d65e3 <unknown>\n#1 0x563c000990b7 <unknown>\n#2 0x563c000cfe55 <unknown>\n#3 0x563c000ccb81 <unknown>\n#4 0x563c0011747f <unknown>\n#5 0x563c0010dcc3 <unknown>\n#6 0x563c000d90e4 <unknown>\n#7 0x563c000da0ae <unknown>\n#8 0x563c0039cce1 <unknown>\n#9 0x563c003a0b7e <unknown>\n#10 0x563c0038a4b5 <unknown>\n#11 0x563c003a17d6 <unknown>\n#12 0x563c0036ddbf <unknown>\n#13 0x563c003c4748 <unknown>\n#14 0x563c003c4917 <unknown>\n#15 0x563c003d5773 <unknown>\n#16 0x7f6293894ac3 <unknown>\n\n",
      "statusTrace" : "  File \"/opt/hostedtoolcache/Python/3.11.2/x64/lib/python3.11/site-packages/behave/model.py\", line 1329, in run\n    match.run(runner.context)\n  File \"/opt/hostedtoolcache/Python/3.11.2/x64/lib/python3.11/site-packages/behave/matchers.py\", line 98, in run\n    self.func(context, *args, **kwargs)\n  File \"features/steps/ahorcado_steps.py\", line 31, in step_given\n    context.driver = webdriver.Chrome()\n                     ^^^^^^^^^^^^^^^^^^\n  File \"/opt/hostedtoolcache/Python/3.11.2/x64/lib/python3.11/site-packages/selenium/webdriver/chrome/webdriver.py\", line 45, in __init__\n    super().__init__(\n  File \"/opt/hostedtoolcache/Python/3.11.2/x64/lib/python3.11/site-packages/selenium/webdriver/chromium/webdriver.py\", line 56, in __init__\n    super().__init__(\n  File \"/opt/hostedtoolcache/Python/3.11.2/x64/lib/python3.11/site-packages/selenium/webdriver/remote/webdriver.py\", line 208, in __init__\n    self.start_session(capabilities)\n  File \"/opt/hostedtoolcache/Python/3.11.2/x64/lib/python3.11/site-packages/selenium/webdriver/remote/webdriver.py\", line 292, in start_session\n    response = self.execute(Command.NEW_SESSION, caps)[\"value\"]\n               ^^^^^^^^^^^^^^^^^^^^^^^^^^^^^^^^^^^^^^^\n  File \"/opt/hostedtoolcache/Python/3.11.2/x64/lib/python3.11/site-packages/selenium/webdriver/remote/webdriver.py\", line 347, in execute\n    self.error_handler.check_response(response)\n  File \"/opt/hostedtoolcache/Python/3.11.2/x64/lib/python3.11/site-packages/selenium/webdriver/remote/errorhandler.py\", line 229, in check_response\n    raise exception_class(message, screen, stacktrace)\n",
      "steps" : [ ],
      "attachments" : [ ],
      "parameters" : [ ],
      "stepsCount" : 0,
      "attachmentsCount" : 0,
      "shouldDisplayMessage" : true,
      "hasContent" : true
    }, {
      "name" : "When Eligo \"Jugar por tem치ticas\"",
      "time" : {
        "start" : 1700945588845,
        "stop" : 1700945588845,
        "duration" : 0
      },
      "status" : "skipped",
      "steps" : [ ],
      "attachments" : [ ],
      "parameters" : [ ],
      "stepsCount" : 0,
      "attachmentsCount" : 0,
      "shouldDisplayMessage" : false,
      "hasContent" : false
    }, {
      "name" : "And Hago clic en el boton Continuar",
      "time" : {
        "start" : 1700945588845,
        "stop" : 1700945588845,
        "duration" : 0
      },
      "status" : "skipped",
      "steps" : [ ],
      "attachments" : [ ],
      "parameters" : [ ],
      "stepsCount" : 0,
      "attachmentsCount" : 0,
      "shouldDisplayMessage" : false,
      "hasContent" : false
    }, {
      "name" : "Then Deberia ser redirigido a la proxima pagina",
      "time" : {
        "start" : 1700945588845,
        "stop" : 1700945588845,
        "duration" : 0
      },
      "status" : "skipped",
      "steps" : [ ],
      "attachments" : [ ],
      "parameters" : [ ],
      "stepsCount" : 0,
      "attachmentsCount" : 0,
      "shouldDisplayMessage" : false,
      "hasContent" : false
    }, {
      "name" : "And Deberia ver la opcion \"Comida\"",
      "time" : {
        "start" : 1700945588845,
        "stop" : 1700945588845,
        "duration" : 0
      },
      "status" : "skipped",
      "steps" : [ ],
      "attachments" : [ ],
      "parameters" : [ ],
      "stepsCount" : 0,
      "attachmentsCount" : 0,
      "shouldDisplayMessage" : false,
      "hasContent" : false
    } ],
    "attachments" : [ ],
    "parameters" : [ ],
    "stepsCount" : 5,
    "attachmentsCount" : 0,
    "shouldDisplayMessage" : false,
    "hasContent" : true
  },
  "afterStages" : [ ],
  "labels" : [ {
    "name" : "severity",
    "value" : "normal"
  }, {
    "name" : "feature",
    "value" : "Juego del Ahorcado"
  }, {
    "name" : "framework",
    "value" : "behave"
  }, {
    "name" : "language",
    "value" : "cpython3"
  }, {
    "name" : "resultFormat",
    "value" : "allure2"
  } ],
  "parameters" : [ {
    "name" : "opcion",
    "value" : "Jugar por tem치ticas"
  }, {
    "name" : "seleccion",
    "value" : "Comida"
  } ],
  "links" : [ ],
  "hidden" : false,
  "retry" : false,
  "extra" : {
    "severity" : "normal",
    "retries" : [ {
      "uid" : "13b38d1c7f5e47c1",
      "status" : "broken",
      "statusDetails" : "selenium.common.exceptions.SessionNotCreatedException: Message: session not created: Chrome failed to start: exited normally.\n  (session not created: DevToolsActivePort file doesn't exist)\n  (The process started from chrome location /usr/bin/google-chrome is no longer running, so ChromeDriver is assuming that Chrome has crashed.)\nStacktrace:\n#0 0x55f8a09e05e3 <unknown>\n#1 0x55f8a06a30b7 <unknown>\n#2 0x55f8a06d9e55 <unknown>\n#3 0x55f8a06d6b81 <unknown>\n#4 0x55f8a072147f <unknown>\n#5 0x55f8a0717cc3 <unknown>\n#6 0x55f8a06e30e4 <unknown>\n#7 0x55f8a06e40ae <unknown>\n#8 0x55f8a09a6ce1 <unknown>\n#9 0x55f8a09aab7e <unknown>\n#10 0x55f8a09944b5 <unknown>\n#11 0x55f8a09ab7d6 <unknown>\n#12 0x55f8a0977dbf <unknown>\n#13 0x55f8a09ce748 <unknown>\n#14 0x55f8a09ce917 <unknown>\n#15 0x55f8a09df773 <unknown>\n#16 0x7f0b50494ac3 <unknown>\n\n",
      "time" : {
        "start" : 1700945436868,
        "stop" : 1700945437533,
        "duration" : 665
      }
    }, {
      "uid" : "cdb0f807a782c599",
      "status" : "broken",
      "statusDetails" : "selenium.common.exceptions.SessionNotCreatedException: Message: session not created: Chrome failed to start: exited normally.\n  (session not created: DevToolsActivePort file doesn't exist)\n  (The process started from chrome location /usr/bin/google-chrome is no longer running, so ChromeDriver is assuming that Chrome has crashed.)\nStacktrace:\n#0 0x560e465055e3 <unknown>\n#1 0x560e461c80b7 <unknown>\n#2 0x560e461fee55 <unknown>\n#3 0x560e461fbb81 <unknown>\n#4 0x560e4624647f <unknown>\n#5 0x560e4623ccc3 <unknown>\n#6 0x560e462080e4 <unknown>\n#7 0x560e462090ae <unknown>\n#8 0x560e464cbce1 <unknown>\n#9 0x560e464cfb7e <unknown>\n#10 0x560e464b94b5 <unknown>\n#11 0x560e464d07d6 <unknown>\n#12 0x560e4649cdbf <unknown>\n#13 0x560e464f3748 <unknown>\n#14 0x560e464f3917 <unknown>\n#15 0x560e46504773 <unknown>\n#16 0x7fb4b9094ac3 <unknown>\n\n",
      "time" : {
        "start" : 1700945058476,
        "stop" : 1700945059139,
        "duration" : 663
      }
    }, {
      "uid" : "37b741d3dfca6dd8",
      "status" : "broken",
      "statusDetails" : "selenium.common.exceptions.SessionNotCreatedException: Message: session not created: Chrome failed to start: exited normally.\n  (session not created: DevToolsActivePort file doesn't exist)\n  (The process started from chrome location /usr/bin/google-chrome is no longer running, so ChromeDriver is assuming that Chrome has crashed.)\nStacktrace:\n#0 0x55914369f5e3 <unknown>\n#1 0x5591433620b7 <unknown>\n#2 0x559143398e55 <unknown>\n#3 0x559143395b81 <unknown>\n#4 0x5591433e047f <unknown>\n#5 0x5591433d6cc3 <unknown>\n#6 0x5591433a20e4 <unknown>\n#7 0x5591433a30ae <unknown>\n#8 0x559143665ce1 <unknown>\n#9 0x559143669b7e <unknown>\n#10 0x5591436534b5 <unknown>\n#11 0x55914366a7d6 <unknown>\n#12 0x559143636dbf <unknown>\n#13 0x55914368d748 <unknown>\n#14 0x55914368d917 <unknown>\n#15 0x55914369e773 <unknown>\n#16 0x7efe00494ac3 <unknown>\n\n",
      "time" : {
        "start" : 1700944220277,
        "stop" : 1700944220942,
        "duration" : 665
      }
    }, {
      "uid" : "e3d50b1f81d9da39",
      "status" : "broken",
      "statusDetails" : "selenium.common.exceptions.SessionNotCreatedException: Message: session not created: Chrome failed to start: exited normally.\n  (session not created: DevToolsActivePort file doesn't exist)\n  (The process started from chrome location /usr/bin/google-chrome is no longer running, so ChromeDriver is assuming that Chrome has crashed.)\nStacktrace:\n#0 0x5596a76fa5e3 <unknown>\n#1 0x5596a73bd0b7 <unknown>\n#2 0x5596a73f3e55 <unknown>\n#3 0x5596a73f0b81 <unknown>\n#4 0x5596a743b47f <unknown>\n#5 0x5596a7431cc3 <unknown>\n#6 0x5596a73fd0e4 <unknown>\n#7 0x5596a73fe0ae <unknown>\n#8 0x5596a76c0ce1 <unknown>\n#9 0x5596a76c4b7e <unknown>\n#10 0x5596a76ae4b5 <unknown>\n#11 0x5596a76c57d6 <unknown>\n#12 0x5596a7691dbf <unknown>\n#13 0x5596a76e8748 <unknown>\n#14 0x5596a76e8917 <unknown>\n#15 0x5596a76f9773 <unknown>\n#16 0x7f117b094ac3 <unknown>\n\n",
      "time" : {
        "start" : 1700943249982,
        "stop" : 1700943250647,
        "duration" : 665
      }
    }, {
      "uid" : "2af5ddb86fedd241",
      "status" : "broken",
      "statusDetails" : "selenium.common.exceptions.SessionNotCreatedException: Message: session not created: Chrome failed to start: exited normally.\n  (session not created: DevToolsActivePort file doesn't exist)\n  (The process started from chrome location /usr/bin/google-chrome is no longer running, so ChromeDriver is assuming that Chrome has crashed.)\nStacktrace:\n#0 0x55bef5c075e3 <unknown>\n#1 0x55bef58ca0b7 <unknown>\n#2 0x55bef5900e55 <unknown>\n#3 0x55bef58fdb81 <unknown>\n#4 0x55bef594847f <unknown>\n#5 0x55bef593ecc3 <unknown>\n#6 0x55bef590a0e4 <unknown>\n#7 0x55bef590b0ae <unknown>\n#8 0x55bef5bcdce1 <unknown>\n#9 0x55bef5bd1b7e <unknown>\n#10 0x55bef5bbb4b5 <unknown>\n#11 0x55bef5bd27d6 <unknown>\n#12 0x55bef5b9edbf <unknown>\n#13 0x55bef5bf5748 <unknown>\n#14 0x55bef5bf5917 <unknown>\n#15 0x55bef5c06773 <unknown>\n#16 0x7fab40c94ac3 <unknown>\n\n",
      "time" : {
        "start" : 1700942984634,
        "stop" : 1700942985298,
        "duration" : 664
      }
    } ],
    "categories" : [ {
      "name" : "Test defects",
      "matchedStatuses" : [ ],
      "flaky" : false
    } ],
    "history" : {
      "statistic" : {
        "failed" : 0,
        "broken" : 6,
        "skipped" : 0,
        "passed" : 0,
        "unknown" : 0,
        "total" : 6
      },
      "items" : [ {
        "uid" : "db5f414879231308",
        "reportUrl" : "https://PauliLuna.github.io/Ahorcado/6/#testresult/db5f414879231308",
        "status" : "broken",
        "statusDetails" : "selenium.common.exceptions.SessionNotCreatedException: Message: session not created: Chrome failed to start: exited normally.\n  (session not created: DevToolsActivePort file doesn't exist)\n  (The process started from chrome location /usr/bin/google-chrome is no longer running, so ChromeDriver is assuming that Chrome has crashed.)\nStacktrace:\n#0 0x55f8a09e05e3 <unknown>\n#1 0x55f8a06a30b7 <unknown>\n#2 0x55f8a06d9e55 <unknown>\n#3 0x55f8a06d6b81 <unknown>\n#4 0x55f8a072147f <unknown>\n#5 0x55f8a0717cc3 <unknown>\n#6 0x55f8a06e30e4 <unknown>\n#7 0x55f8a06e40ae <unknown>\n#8 0x55f8a09a6ce1 <unknown>\n#9 0x55f8a09aab7e <unknown>\n#10 0x55f8a09944b5 <unknown>\n#11 0x55f8a09ab7d6 <unknown>\n#12 0x55f8a0977dbf <unknown>\n#13 0x55f8a09ce748 <unknown>\n#14 0x55f8a09ce917 <unknown>\n#15 0x55f8a09df773 <unknown>\n#16 0x7f0b50494ac3 <unknown>\n\n",
        "time" : {
          "start" : 1700945436868,
          "stop" : 1700945437533,
          "duration" : 665
        }
      }, {
        "uid" : "196dd230883941d2",
        "reportUrl" : "https://PauliLuna.github.io/Ahorcado/5/#testresult/196dd230883941d2",
        "status" : "broken",
        "statusDetails" : "selenium.common.exceptions.SessionNotCreatedException: Message: session not created: Chrome failed to start: exited normally.\n  (session not created: DevToolsActivePort file doesn't exist)\n  (The process started from chrome location /usr/bin/google-chrome is no longer running, so ChromeDriver is assuming that Chrome has crashed.)\nStacktrace:\n#0 0x560e465055e3 <unknown>\n#1 0x560e461c80b7 <unknown>\n#2 0x560e461fee55 <unknown>\n#3 0x560e461fbb81 <unknown>\n#4 0x560e4624647f <unknown>\n#5 0x560e4623ccc3 <unknown>\n#6 0x560e462080e4 <unknown>\n#7 0x560e462090ae <unknown>\n#8 0x560e464cbce1 <unknown>\n#9 0x560e464cfb7e <unknown>\n#10 0x560e464b94b5 <unknown>\n#11 0x560e464d07d6 <unknown>\n#12 0x560e4649cdbf <unknown>\n#13 0x560e464f3748 <unknown>\n#14 0x560e464f3917 <unknown>\n#15 0x560e46504773 <unknown>\n#16 0x7fb4b9094ac3 <unknown>\n\n",
        "time" : {
          "start" : 1700945058476,
          "stop" : 1700945059139,
          "duration" : 663
        }
      }, {
        "uid" : "b697b08add2c1b81",
        "reportUrl" : "https://PauliLuna.github.io/Ahorcado/4/#testresult/b697b08add2c1b81",
        "status" : "broken",
        "statusDetails" : "selenium.common.exceptions.SessionNotCreatedException: Message: session not created: Chrome failed to start: exited normally.\n  (session not created: DevToolsActivePort file doesn't exist)\n  (The process started from chrome location /usr/bin/google-chrome is no longer running, so ChromeDriver is assuming that Chrome has crashed.)\nStacktrace:\n#0 0x55914369f5e3 <unknown>\n#1 0x5591433620b7 <unknown>\n#2 0x559143398e55 <unknown>\n#3 0x559143395b81 <unknown>\n#4 0x5591433e047f <unknown>\n#5 0x5591433d6cc3 <unknown>\n#6 0x5591433a20e4 <unknown>\n#7 0x5591433a30ae <unknown>\n#8 0x559143665ce1 <unknown>\n#9 0x559143669b7e <unknown>\n#10 0x5591436534b5 <unknown>\n#11 0x55914366a7d6 <unknown>\n#12 0x559143636dbf <unknown>\n#13 0x55914368d748 <unknown>\n#14 0x55914368d917 <unknown>\n#15 0x55914369e773 <unknown>\n#16 0x7efe00494ac3 <unknown>\n\n",
        "time" : {
          "start" : 1700944220277,
          "stop" : 1700944220942,
          "duration" : 665
        }
      }, {
        "uid" : "5e703a0482b8f247",
        "reportUrl" : "https://PauliLuna.github.io/Ahorcado/3/#testresult/5e703a0482b8f247",
        "status" : "broken",
        "statusDetails" : "selenium.common.exceptions.SessionNotCreatedException: Message: session not created: Chrome failed to start: exited normally.\n  (session not created: DevToolsActivePort file doesn't exist)\n  (The process started from chrome location /usr/bin/google-chrome is no longer running, so ChromeDriver is assuming that Chrome has crashed.)\nStacktrace:\n#0 0x5596a76fa5e3 <unknown>\n#1 0x5596a73bd0b7 <unknown>\n#2 0x5596a73f3e55 <unknown>\n#3 0x5596a73f0b81 <unknown>\n#4 0x5596a743b47f <unknown>\n#5 0x5596a7431cc3 <unknown>\n#6 0x5596a73fd0e4 <unknown>\n#7 0x5596a73fe0ae <unknown>\n#8 0x5596a76c0ce1 <unknown>\n#9 0x5596a76c4b7e <unknown>\n#10 0x5596a76ae4b5 <unknown>\n#11 0x5596a76c57d6 <unknown>\n#12 0x5596a7691dbf <unknown>\n#13 0x5596a76e8748 <unknown>\n#14 0x5596a76e8917 <unknown>\n#15 0x5596a76f9773 <unknown>\n#16 0x7f117b094ac3 <unknown>\n\n",
        "time" : {
          "start" : 1700943249982,
          "stop" : 1700943250647,
          "duration" : 665
        }
      }, {
        "uid" : "36f6f9fbfe083f7e",
        "reportUrl" : "https://PauliLuna.github.io/Ahorcado/2/#testresult/36f6f9fbfe083f7e",
        "status" : "broken",
        "statusDetails" : "selenium.common.exceptions.SessionNotCreatedException: Message: session not created: Chrome failed to start: exited normally.\n  (session not created: DevToolsActivePort file doesn't exist)\n  (The process started from chrome location /usr/bin/google-chrome is no longer running, so ChromeDriver is assuming that Chrome has crashed.)\nStacktrace:\n#0 0x55bef5c075e3 <unknown>\n#1 0x55bef58ca0b7 <unknown>\n#2 0x55bef5900e55 <unknown>\n#3 0x55bef58fdb81 <unknown>\n#4 0x55bef594847f <unknown>\n#5 0x55bef593ecc3 <unknown>\n#6 0x55bef590a0e4 <unknown>\n#7 0x55bef590b0ae <unknown>\n#8 0x55bef5bcdce1 <unknown>\n#9 0x55bef5bd1b7e <unknown>\n#10 0x55bef5bbb4b5 <unknown>\n#11 0x55bef5bd27d6 <unknown>\n#12 0x55bef5b9edbf <unknown>\n#13 0x55bef5bf5748 <unknown>\n#14 0x55bef5bf5917 <unknown>\n#15 0x55bef5c06773 <unknown>\n#16 0x7fab40c94ac3 <unknown>\n\n",
        "time" : {
          "start" : 1700942984634,
          "stop" : 1700942985298,
          "duration" : 664
        }
      } ]
    },
    "tags" : [ ]
  },
  "source" : "caa7b1a1da90102a.json",
  "parameterValues" : [ "Jugar por tem치ticas", "Comida" ]
}