{
  "uid" : "fe5ae7b8df1d9e9c",
  "name" : "Elegir diferentes tematicas o niveles -- @1.6 Tematicas",
  "fullName" : "Juego del Ahorcado: Elegir diferentes tematicas o niveles",
  "historyId" : "b3cfee51add3545e7c6a9d91a238898d",
  "time" : {
    "start" : 1700945590833,
    "stop" : 1700945591495,
    "duration" : 662
  },
  "status" : "broken",
  "statusMessage" : "selenium.common.exceptions.SessionNotCreatedException: Message: session not created: Chrome failed to start: exited normally.\n  (session not created: DevToolsActivePort file doesn't exist)\n  (The process started from chrome location /usr/bin/google-chrome is no longer running, so ChromeDriver is assuming that Chrome has crashed.)\nStacktrace:\n#0 0x55d00caf65e3 <unknown>\n#1 0x55d00c7b90b7 <unknown>\n#2 0x55d00c7efe55 <unknown>\n#3 0x55d00c7ecb81 <unknown>\n#4 0x55d00c83747f <unknown>\n#5 0x55d00c82dcc3 <unknown>\n#6 0x55d00c7f90e4 <unknown>\n#7 0x55d00c7fa0ae <unknown>\n#8 0x55d00cabcce1 <unknown>\n#9 0x55d00cac0b7e <unknown>\n#10 0x55d00caaa4b5 <unknown>\n#11 0x55d00cac17d6 <unknown>\n#12 0x55d00ca8ddbf <unknown>\n#13 0x55d00cae4748 <unknown>\n#14 0x55d00cae4917 <unknown>\n#15 0x55d00caf5773 <unknown>\n#16 0x7f55ec494ac3 <unknown>\n\n",
  "statusTrace" : "  File \"/opt/hostedtoolcache/Python/3.11.2/x64/lib/python3.11/site-packages/behave/model.py\", line 1329, in run\n    match.run(runner.context)\n  File \"/opt/hostedtoolcache/Python/3.11.2/x64/lib/python3.11/site-packages/behave/matchers.py\", line 98, in run\n    self.func(context, *args, **kwargs)\n  File \"features/steps/ahorcado_steps.py\", line 31, in step_given\n    context.driver = webdriver.Chrome()\n                     ^^^^^^^^^^^^^^^^^^\n  File \"/opt/hostedtoolcache/Python/3.11.2/x64/lib/python3.11/site-packages/selenium/webdriver/chrome/webdriver.py\", line 45, in __init__\n    super().__init__(\n  File \"/opt/hostedtoolcache/Python/3.11.2/x64/lib/python3.11/site-packages/selenium/webdriver/chromium/webdriver.py\", line 56, in __init__\n    super().__init__(\n  File \"/opt/hostedtoolcache/Python/3.11.2/x64/lib/python3.11/site-packages/selenium/webdriver/remote/webdriver.py\", line 208, in __init__\n    self.start_session(capabilities)\n  File \"/opt/hostedtoolcache/Python/3.11.2/x64/lib/python3.11/site-packages/selenium/webdriver/remote/webdriver.py\", line 292, in start_session\n    response = self.execute(Command.NEW_SESSION, caps)[\"value\"]\n               ^^^^^^^^^^^^^^^^^^^^^^^^^^^^^^^^^^^^^^^\n  File \"/opt/hostedtoolcache/Python/3.11.2/x64/lib/python3.11/site-packages/selenium/webdriver/remote/webdriver.py\", line 347, in execute\n    self.error_handler.check_response(response)\n  File \"/opt/hostedtoolcache/Python/3.11.2/x64/lib/python3.11/site-packages/selenium/webdriver/remote/errorhandler.py\", line 229, in check_response\n    raise exception_class(message, screen, stacktrace)\n",
  "flaky" : false,
  "newFailed" : false,
  "beforeStages" : [ ],
  "testStage" : {
    "status" : "broken",
    "statusMessage" : "selenium.common.exceptions.SessionNotCreatedException: Message: session not created: Chrome failed to start: exited normally.\n  (session not created: DevToolsActivePort file doesn't exist)\n  (The process started from chrome location /usr/bin/google-chrome is no longer running, so ChromeDriver is assuming that Chrome has crashed.)\nStacktrace:\n#0 0x55d00caf65e3 <unknown>\n#1 0x55d00c7b90b7 <unknown>\n#2 0x55d00c7efe55 <unknown>\n#3 0x55d00c7ecb81 <unknown>\n#4 0x55d00c83747f <unknown>\n#5 0x55d00c82dcc3 <unknown>\n#6 0x55d00c7f90e4 <unknown>\n#7 0x55d00c7fa0ae <unknown>\n#8 0x55d00cabcce1 <unknown>\n#9 0x55d00cac0b7e <unknown>\n#10 0x55d00caaa4b5 <unknown>\n#11 0x55d00cac17d6 <unknown>\n#12 0x55d00ca8ddbf <unknown>\n#13 0x55d00cae4748 <unknown>\n#14 0x55d00cae4917 <unknown>\n#15 0x55d00caf5773 <unknown>\n#16 0x7f55ec494ac3 <unknown>\n\n",
    "statusTrace" : "  File \"/opt/hostedtoolcache/Python/3.11.2/x64/lib/python3.11/site-packages/behave/model.py\", line 1329, in run\n    match.run(runner.context)\n  File \"/opt/hostedtoolcache/Python/3.11.2/x64/lib/python3.11/site-packages/behave/matchers.py\", line 98, in run\n    self.func(context, *args, **kwargs)\n  File \"features/steps/ahorcado_steps.py\", line 31, in step_given\n    context.driver = webdriver.Chrome()\n                     ^^^^^^^^^^^^^^^^^^\n  File \"/opt/hostedtoolcache/Python/3.11.2/x64/lib/python3.11/site-packages/selenium/webdriver/chrome/webdriver.py\", line 45, in __init__\n    super().__init__(\n  File \"/opt/hostedtoolcache/Python/3.11.2/x64/lib/python3.11/site-packages/selenium/webdriver/chromium/webdriver.py\", line 56, in __init__\n    super().__init__(\n  File \"/opt/hostedtoolcache/Python/3.11.2/x64/lib/python3.11/site-packages/selenium/webdriver/remote/webdriver.py\", line 208, in __init__\n    self.start_session(capabilities)\n  File \"/opt/hostedtoolcache/Python/3.11.2/x64/lib/python3.11/site-packages/selenium/webdriver/remote/webdriver.py\", line 292, in start_session\n    response = self.execute(Command.NEW_SESSION, caps)[\"value\"]\n               ^^^^^^^^^^^^^^^^^^^^^^^^^^^^^^^^^^^^^^^\n  File \"/opt/hostedtoolcache/Python/3.11.2/x64/lib/python3.11/site-packages/selenium/webdriver/remote/webdriver.py\", line 347, in execute\n    self.error_handler.check_response(response)\n  File \"/opt/hostedtoolcache/Python/3.11.2/x64/lib/python3.11/site-packages/selenium/webdriver/remote/errorhandler.py\", line 229, in check_response\n    raise exception_class(message, screen, stacktrace)\n",
    "steps" : [ {
      "name" : "Given Que estoy en la p치gina del Juego del Ahorcado",
      "time" : {
        "start" : 1700945590833,
        "stop" : 1700945591494,
        "duration" : 661
      },
      "status" : "broken",
      "statusMessage" : "selenium.common.exceptions.SessionNotCreatedException: Message: session not created: Chrome failed to start: exited normally.\n  (session not created: DevToolsActivePort file doesn't exist)\n  (The process started from chrome location /usr/bin/google-chrome is no longer running, so ChromeDriver is assuming that Chrome has crashed.)\nStacktrace:\n#0 0x55d00caf65e3 <unknown>\n#1 0x55d00c7b90b7 <unknown>\n#2 0x55d00c7efe55 <unknown>\n#3 0x55d00c7ecb81 <unknown>\n#4 0x55d00c83747f <unknown>\n#5 0x55d00c82dcc3 <unknown>\n#6 0x55d00c7f90e4 <unknown>\n#7 0x55d00c7fa0ae <unknown>\n#8 0x55d00cabcce1 <unknown>\n#9 0x55d00cac0b7e <unknown>\n#10 0x55d00caaa4b5 <unknown>\n#11 0x55d00cac17d6 <unknown>\n#12 0x55d00ca8ddbf <unknown>\n#13 0x55d00cae4748 <unknown>\n#14 0x55d00cae4917 <unknown>\n#15 0x55d00caf5773 <unknown>\n#16 0x7f55ec494ac3 <unknown>\n\n",
      "statusTrace" : "  File \"/opt/hostedtoolcache/Python/3.11.2/x64/lib/python3.11/site-packages/behave/model.py\", line 1329, in run\n    match.run(runner.context)\n  File \"/opt/hostedtoolcache/Python/3.11.2/x64/lib/python3.11/site-packages/behave/matchers.py\", line 98, in run\n    self.func(context, *args, **kwargs)\n  File \"features/steps/ahorcado_steps.py\", line 31, in step_given\n    context.driver = webdriver.Chrome()\n                     ^^^^^^^^^^^^^^^^^^\n  File \"/opt/hostedtoolcache/Python/3.11.2/x64/lib/python3.11/site-packages/selenium/webdriver/chrome/webdriver.py\", line 45, in __init__\n    super().__init__(\n  File \"/opt/hostedtoolcache/Python/3.11.2/x64/lib/python3.11/site-packages/selenium/webdriver/chromium/webdriver.py\", line 56, in __init__\n    super().__init__(\n  File \"/opt/hostedtoolcache/Python/3.11.2/x64/lib/python3.11/site-packages/selenium/webdriver/remote/webdriver.py\", line 208, in __init__\n    self.start_session(capabilities)\n  File \"/opt/hostedtoolcache/Python/3.11.2/x64/lib/python3.11/site-packages/selenium/webdriver/remote/webdriver.py\", line 292, in start_session\n    response = self.execute(Command.NEW_SESSION, caps)[\"value\"]\n               ^^^^^^^^^^^^^^^^^^^^^^^^^^^^^^^^^^^^^^^\n  File \"/opt/hostedtoolcache/Python/3.11.2/x64/lib/python3.11/site-packages/selenium/webdriver/remote/webdriver.py\", line 347, in execute\n    self.error_handler.check_response(response)\n  File \"/opt/hostedtoolcache/Python/3.11.2/x64/lib/python3.11/site-packages/selenium/webdriver/remote/errorhandler.py\", line 229, in check_response\n    raise exception_class(message, screen, stacktrace)\n",
      "steps" : [ ],
      "attachments" : [ ],
      "parameters" : [ ],
      "stepsCount" : 0,
      "attachmentsCount" : 0,
      "shouldDisplayMessage" : true,
      "hasContent" : true
    }, {
      "name" : "When Eligo \"Jugar por nivel de dificultad\"",
      "time" : {
        "start" : 1700945591494,
        "stop" : 1700945591494,
        "duration" : 0
      },
      "status" : "skipped",
      "steps" : [ ],
      "attachments" : [ ],
      "parameters" : [ ],
      "stepsCount" : 0,
      "attachmentsCount" : 0,
      "shouldDisplayMessage" : false,
      "hasContent" : false
    }, {
      "name" : "And Hago clic en el boton Continuar",
      "time" : {
        "start" : 1700945591494,
        "stop" : 1700945591494,
        "duration" : 0
      },
      "status" : "skipped",
      "steps" : [ ],
      "attachments" : [ ],
      "parameters" : [ ],
      "stepsCount" : 0,
      "attachmentsCount" : 0,
      "shouldDisplayMessage" : false,
      "hasContent" : false
    }, {
      "name" : "Then Deberia ser redirigido a la proxima pagina",
      "time" : {
        "start" : 1700945591495,
        "stop" : 1700945591495,
        "duration" : 0
      },
      "status" : "skipped",
      "steps" : [ ],
      "attachments" : [ ],
      "parameters" : [ ],
      "stepsCount" : 0,
      "attachmentsCount" : 0,
      "shouldDisplayMessage" : false,
      "hasContent" : false
    }, {
      "name" : "And Deberia ver la opcion \"F치cil\"",
      "time" : {
        "start" : 1700945591495,
        "stop" : 1700945591495,
        "duration" : 0
      },
      "status" : "skipped",
      "steps" : [ ],
      "attachments" : [ ],
      "parameters" : [ ],
      "stepsCount" : 0,
      "attachmentsCount" : 0,
      "shouldDisplayMessage" : false,
      "hasContent" : false
    } ],
    "attachments" : [ ],
    "parameters" : [ ],
    "stepsCount" : 5,
    "attachmentsCount" : 0,
    "shouldDisplayMessage" : false,
    "hasContent" : true
  },
  "afterStages" : [ ],
  "labels" : [ {
    "name" : "severity",
    "value" : "normal"
  }, {
    "name" : "feature",
    "value" : "Juego del Ahorcado"
  }, {
    "name" : "framework",
    "value" : "behave"
  }, {
    "name" : "language",
    "value" : "cpython3"
  }, {
    "name" : "resultFormat",
    "value" : "allure2"
  } ],
  "parameters" : [ {
    "name" : "opcion",
    "value" : "Jugar por nivel de dificultad"
  }, {
    "name" : "seleccion",
    "value" : "F치cil"
  } ],
  "links" : [ ],
  "hidden" : false,
  "retry" : false,
  "extra" : {
    "severity" : "normal",
    "retries" : [ {
      "uid" : "4a8372679cdfe3af",
      "status" : "broken",
      "statusDetails" : "selenium.common.exceptions.SessionNotCreatedException: Message: session not created: Chrome failed to start: exited normally.\n  (session not created: DevToolsActivePort file doesn't exist)\n  (The process started from chrome location /usr/bin/google-chrome is no longer running, so ChromeDriver is assuming that Chrome has crashed.)\nStacktrace:\n#0 0x55fa3445a5e3 <unknown>\n#1 0x55fa3411d0b7 <unknown>\n#2 0x55fa34153e55 <unknown>\n#3 0x55fa34150b81 <unknown>\n#4 0x55fa3419b47f <unknown>\n#5 0x55fa34191cc3 <unknown>\n#6 0x55fa3415d0e4 <unknown>\n#7 0x55fa3415e0ae <unknown>\n#8 0x55fa34420ce1 <unknown>\n#9 0x55fa34424b7e <unknown>\n#10 0x55fa3440e4b5 <unknown>\n#11 0x55fa344257d6 <unknown>\n#12 0x55fa343f1dbf <unknown>\n#13 0x55fa34448748 <unknown>\n#14 0x55fa34448917 <unknown>\n#15 0x55fa34459773 <unknown>\n#16 0x7fd836694ac3 <unknown>\n\n",
      "time" : {
        "start" : 1700945439525,
        "stop" : 1700945440188,
        "duration" : 663
      }
    }, {
      "uid" : "ad60d8487da4d186",
      "status" : "broken",
      "statusDetails" : "selenium.common.exceptions.SessionNotCreatedException: Message: session not created: Chrome failed to start: exited normally.\n  (session not created: DevToolsActivePort file doesn't exist)\n  (The process started from chrome location /usr/bin/google-chrome is no longer running, so ChromeDriver is assuming that Chrome has crashed.)\nStacktrace:\n#0 0x5632832ae5e3 <unknown>\n#1 0x563282f710b7 <unknown>\n#2 0x563282fa7e55 <unknown>\n#3 0x563282fa4b81 <unknown>\n#4 0x563282fef47f <unknown>\n#5 0x563282fe5cc3 <unknown>\n#6 0x563282fb10e4 <unknown>\n#7 0x563282fb20ae <unknown>\n#8 0x563283274ce1 <unknown>\n#9 0x563283278b7e <unknown>\n#10 0x5632832624b5 <unknown>\n#11 0x5632832797d6 <unknown>\n#12 0x563283245dbf <unknown>\n#13 0x56328329c748 <unknown>\n#14 0x56328329c917 <unknown>\n#15 0x5632832ad773 <unknown>\n#16 0x7fb848094ac3 <unknown>\n\n",
      "time" : {
        "start" : 1700945061130,
        "stop" : 1700945061793,
        "duration" : 663
      }
    }, {
      "uid" : "472b8d6d1cc9abfa",
      "status" : "broken",
      "statusDetails" : "selenium.common.exceptions.SessionNotCreatedException: Message: session not created: Chrome failed to start: exited normally.\n  (session not created: DevToolsActivePort file doesn't exist)\n  (The process started from chrome location /usr/bin/google-chrome is no longer running, so ChromeDriver is assuming that Chrome has crashed.)\nStacktrace:\n#0 0x55aab0bf05e3 <unknown>\n#1 0x55aab08b30b7 <unknown>\n#2 0x55aab08e9e55 <unknown>\n#3 0x55aab08e6b81 <unknown>\n#4 0x55aab093147f <unknown>\n#5 0x55aab0927cc3 <unknown>\n#6 0x55aab08f30e4 <unknown>\n#7 0x55aab08f40ae <unknown>\n#8 0x55aab0bb6ce1 <unknown>\n#9 0x55aab0bbab7e <unknown>\n#10 0x55aab0ba44b5 <unknown>\n#11 0x55aab0bbb7d6 <unknown>\n#12 0x55aab0b87dbf <unknown>\n#13 0x55aab0bde748 <unknown>\n#14 0x55aab0bde917 <unknown>\n#15 0x55aab0bef773 <unknown>\n#16 0x7f6dacc94ac3 <unknown>\n\n",
      "time" : {
        "start" : 1700944222934,
        "stop" : 1700944223597,
        "duration" : 663
      }
    }, {
      "uid" : "7e3b0bcc8b368127",
      "status" : "broken",
      "statusDetails" : "selenium.common.exceptions.SessionNotCreatedException: Message: session not created: Chrome failed to start: exited normally.\n  (session not created: DevToolsActivePort file doesn't exist)\n  (The process started from chrome location /usr/bin/google-chrome is no longer running, so ChromeDriver is assuming that Chrome has crashed.)\nStacktrace:\n#0 0x5615a40385e3 <unknown>\n#1 0x5615a3cfb0b7 <unknown>\n#2 0x5615a3d31e55 <unknown>\n#3 0x5615a3d2eb81 <unknown>\n#4 0x5615a3d7947f <unknown>\n#5 0x5615a3d6fcc3 <unknown>\n#6 0x5615a3d3b0e4 <unknown>\n#7 0x5615a3d3c0ae <unknown>\n#8 0x5615a3ffece1 <unknown>\n#9 0x5615a4002b7e <unknown>\n#10 0x5615a3fec4b5 <unknown>\n#11 0x5615a40037d6 <unknown>\n#12 0x5615a3fcfdbf <unknown>\n#13 0x5615a4026748 <unknown>\n#14 0x5615a4026917 <unknown>\n#15 0x5615a4037773 <unknown>\n#16 0x7f0e98494ac3 <unknown>\n\n",
      "time" : {
        "start" : 1700943252642,
        "stop" : 1700943253306,
        "duration" : 664
      }
    }, {
      "uid" : "e57a612d4080893b",
      "status" : "broken",
      "statusDetails" : "selenium.common.exceptions.SessionNotCreatedException: Message: session not created: Chrome failed to start: exited normally.\n  (session not created: DevToolsActivePort file doesn't exist)\n  (The process started from chrome location /usr/bin/google-chrome is no longer running, so ChromeDriver is assuming that Chrome has crashed.)\nStacktrace:\n#0 0x563854a075e3 <unknown>\n#1 0x5638546ca0b7 <unknown>\n#2 0x563854700e55 <unknown>\n#3 0x5638546fdb81 <unknown>\n#4 0x56385474847f <unknown>\n#5 0x56385473ecc3 <unknown>\n#6 0x56385470a0e4 <unknown>\n#7 0x56385470b0ae <unknown>\n#8 0x5638549cdce1 <unknown>\n#9 0x5638549d1b7e <unknown>\n#10 0x5638549bb4b5 <unknown>\n#11 0x5638549d27d6 <unknown>\n#12 0x56385499edbf <unknown>\n#13 0x5638549f5748 <unknown>\n#14 0x5638549f5917 <unknown>\n#15 0x563854a06773 <unknown>\n#16 0x7f6dd7694ac3 <unknown>\n\n",
      "time" : {
        "start" : 1700942987289,
        "stop" : 1700942987952,
        "duration" : 663
      }
    } ],
    "categories" : [ {
      "name" : "Test defects",
      "matchedStatuses" : [ ],
      "flaky" : false
    } ],
    "history" : {
      "statistic" : {
        "failed" : 0,
        "broken" : 6,
        "skipped" : 0,
        "passed" : 0,
        "unknown" : 0,
        "total" : 6
      },
      "items" : [ {
        "uid" : "bbbc5ab40d570a55",
        "reportUrl" : "https://PauliLuna.github.io/Ahorcado/6/#testresult/bbbc5ab40d570a55",
        "status" : "broken",
        "statusDetails" : "selenium.common.exceptions.SessionNotCreatedException: Message: session not created: Chrome failed to start: exited normally.\n  (session not created: DevToolsActivePort file doesn't exist)\n  (The process started from chrome location /usr/bin/google-chrome is no longer running, so ChromeDriver is assuming that Chrome has crashed.)\nStacktrace:\n#0 0x55fa3445a5e3 <unknown>\n#1 0x55fa3411d0b7 <unknown>\n#2 0x55fa34153e55 <unknown>\n#3 0x55fa34150b81 <unknown>\n#4 0x55fa3419b47f <unknown>\n#5 0x55fa34191cc3 <unknown>\n#6 0x55fa3415d0e4 <unknown>\n#7 0x55fa3415e0ae <unknown>\n#8 0x55fa34420ce1 <unknown>\n#9 0x55fa34424b7e <unknown>\n#10 0x55fa3440e4b5 <unknown>\n#11 0x55fa344257d6 <unknown>\n#12 0x55fa343f1dbf <unknown>\n#13 0x55fa34448748 <unknown>\n#14 0x55fa34448917 <unknown>\n#15 0x55fa34459773 <unknown>\n#16 0x7fd836694ac3 <unknown>\n\n",
        "time" : {
          "start" : 1700945439525,
          "stop" : 1700945440188,
          "duration" : 663
        }
      }, {
        "uid" : "e5e47269467fc5eb",
        "reportUrl" : "https://PauliLuna.github.io/Ahorcado/5/#testresult/e5e47269467fc5eb",
        "status" : "broken",
        "statusDetails" : "selenium.common.exceptions.SessionNotCreatedException: Message: session not created: Chrome failed to start: exited normally.\n  (session not created: DevToolsActivePort file doesn't exist)\n  (The process started from chrome location /usr/bin/google-chrome is no longer running, so ChromeDriver is assuming that Chrome has crashed.)\nStacktrace:\n#0 0x5632832ae5e3 <unknown>\n#1 0x563282f710b7 <unknown>\n#2 0x563282fa7e55 <unknown>\n#3 0x563282fa4b81 <unknown>\n#4 0x563282fef47f <unknown>\n#5 0x563282fe5cc3 <unknown>\n#6 0x563282fb10e4 <unknown>\n#7 0x563282fb20ae <unknown>\n#8 0x563283274ce1 <unknown>\n#9 0x563283278b7e <unknown>\n#10 0x5632832624b5 <unknown>\n#11 0x5632832797d6 <unknown>\n#12 0x563283245dbf <unknown>\n#13 0x56328329c748 <unknown>\n#14 0x56328329c917 <unknown>\n#15 0x5632832ad773 <unknown>\n#16 0x7fb848094ac3 <unknown>\n\n",
        "time" : {
          "start" : 1700945061130,
          "stop" : 1700945061793,
          "duration" : 663
        }
      }, {
        "uid" : "709f49cdbb6afb54",
        "reportUrl" : "https://PauliLuna.github.io/Ahorcado/4/#testresult/709f49cdbb6afb54",
        "status" : "broken",
        "statusDetails" : "selenium.common.exceptions.SessionNotCreatedException: Message: session not created: Chrome failed to start: exited normally.\n  (session not created: DevToolsActivePort file doesn't exist)\n  (The process started from chrome location /usr/bin/google-chrome is no longer running, so ChromeDriver is assuming that Chrome has crashed.)\nStacktrace:\n#0 0x55aab0bf05e3 <unknown>\n#1 0x55aab08b30b7 <unknown>\n#2 0x55aab08e9e55 <unknown>\n#3 0x55aab08e6b81 <unknown>\n#4 0x55aab093147f <unknown>\n#5 0x55aab0927cc3 <unknown>\n#6 0x55aab08f30e4 <unknown>\n#7 0x55aab08f40ae <unknown>\n#8 0x55aab0bb6ce1 <unknown>\n#9 0x55aab0bbab7e <unknown>\n#10 0x55aab0ba44b5 <unknown>\n#11 0x55aab0bbb7d6 <unknown>\n#12 0x55aab0b87dbf <unknown>\n#13 0x55aab0bde748 <unknown>\n#14 0x55aab0bde917 <unknown>\n#15 0x55aab0bef773 <unknown>\n#16 0x7f6dacc94ac3 <unknown>\n\n",
        "time" : {
          "start" : 1700944222934,
          "stop" : 1700944223597,
          "duration" : 663
        }
      }, {
        "uid" : "3b775361dba76e8c",
        "reportUrl" : "https://PauliLuna.github.io/Ahorcado/3/#testresult/3b775361dba76e8c",
        "status" : "broken",
        "statusDetails" : "selenium.common.exceptions.SessionNotCreatedException: Message: session not created: Chrome failed to start: exited normally.\n  (session not created: DevToolsActivePort file doesn't exist)\n  (The process started from chrome location /usr/bin/google-chrome is no longer running, so ChromeDriver is assuming that Chrome has crashed.)\nStacktrace:\n#0 0x5615a40385e3 <unknown>\n#1 0x5615a3cfb0b7 <unknown>\n#2 0x5615a3d31e55 <unknown>\n#3 0x5615a3d2eb81 <unknown>\n#4 0x5615a3d7947f <unknown>\n#5 0x5615a3d6fcc3 <unknown>\n#6 0x5615a3d3b0e4 <unknown>\n#7 0x5615a3d3c0ae <unknown>\n#8 0x5615a3ffece1 <unknown>\n#9 0x5615a4002b7e <unknown>\n#10 0x5615a3fec4b5 <unknown>\n#11 0x5615a40037d6 <unknown>\n#12 0x5615a3fcfdbf <unknown>\n#13 0x5615a4026748 <unknown>\n#14 0x5615a4026917 <unknown>\n#15 0x5615a4037773 <unknown>\n#16 0x7f0e98494ac3 <unknown>\n\n",
        "time" : {
          "start" : 1700943252642,
          "stop" : 1700943253306,
          "duration" : 664
        }
      }, {
        "uid" : "3e875cb5898ede29",
        "reportUrl" : "https://PauliLuna.github.io/Ahorcado/2/#testresult/3e875cb5898ede29",
        "status" : "broken",
        "statusDetails" : "selenium.common.exceptions.SessionNotCreatedException: Message: session not created: Chrome failed to start: exited normally.\n  (session not created: DevToolsActivePort file doesn't exist)\n  (The process started from chrome location /usr/bin/google-chrome is no longer running, so ChromeDriver is assuming that Chrome has crashed.)\nStacktrace:\n#0 0x563854a075e3 <unknown>\n#1 0x5638546ca0b7 <unknown>\n#2 0x563854700e55 <unknown>\n#3 0x5638546fdb81 <unknown>\n#4 0x56385474847f <unknown>\n#5 0x56385473ecc3 <unknown>\n#6 0x56385470a0e4 <unknown>\n#7 0x56385470b0ae <unknown>\n#8 0x5638549cdce1 <unknown>\n#9 0x5638549d1b7e <unknown>\n#10 0x5638549bb4b5 <unknown>\n#11 0x5638549d27d6 <unknown>\n#12 0x56385499edbf <unknown>\n#13 0x5638549f5748 <unknown>\n#14 0x5638549f5917 <unknown>\n#15 0x563854a06773 <unknown>\n#16 0x7f6dd7694ac3 <unknown>\n\n",
        "time" : {
          "start" : 1700942987289,
          "stop" : 1700942987952,
          "duration" : 663
        }
      } ]
    },
    "tags" : [ ]
  },
  "source" : "fe5ae7b8df1d9e9c.json",
  "parameterValues" : [ "Jugar por nivel de dificultad", "F치cil" ]
}