{
  "uid" : "29a6e36b439193ee",
  "name" : "Elegir diferentes tematicas o niveles -- @1.5 Tematicas",
  "fullName" : "Juego del Ahorcado: Elegir diferentes tematicas o niveles",
  "historyId" : "6bd0e4a539f14e17f33636563bd5830b",
  "time" : {
    "start" : 1700945438861,
    "stop" : 1700945439524,
    "duration" : 663
  },
  "status" : "broken",
  "statusMessage" : "selenium.common.exceptions.SessionNotCreatedException: Message: session not created: Chrome failed to start: exited normally.\n  (session not created: DevToolsActivePort file doesn't exist)\n  (The process started from chrome location /usr/bin/google-chrome is no longer running, so ChromeDriver is assuming that Chrome has crashed.)\nStacktrace:\n#0 0x55d0c8cae5e3 <unknown>\n#1 0x55d0c89710b7 <unknown>\n#2 0x55d0c89a7e55 <unknown>\n#3 0x55d0c89a4b81 <unknown>\n#4 0x55d0c89ef47f <unknown>\n#5 0x55d0c89e5cc3 <unknown>\n#6 0x55d0c89b10e4 <unknown>\n#7 0x55d0c89b20ae <unknown>\n#8 0x55d0c8c74ce1 <unknown>\n#9 0x55d0c8c78b7e <unknown>\n#10 0x55d0c8c624b5 <unknown>\n#11 0x55d0c8c797d6 <unknown>\n#12 0x55d0c8c45dbf <unknown>\n#13 0x55d0c8c9c748 <unknown>\n#14 0x55d0c8c9c917 <unknown>\n#15 0x55d0c8cad773 <unknown>\n#16 0x7ff17d094ac3 <unknown>\n\n",
  "statusTrace" : "  File \"/opt/hostedtoolcache/Python/3.11.2/x64/lib/python3.11/site-packages/behave/model.py\", line 1329, in run\n    match.run(runner.context)\n  File \"/opt/hostedtoolcache/Python/3.11.2/x64/lib/python3.11/site-packages/behave/matchers.py\", line 98, in run\n    self.func(context, *args, **kwargs)\n  File \"features/steps/ahorcado_steps.py\", line 31, in step_given\n    context.driver = webdriver.Chrome()\n                     ^^^^^^^^^^^^^^^^^^\n  File \"/opt/hostedtoolcache/Python/3.11.2/x64/lib/python3.11/site-packages/selenium/webdriver/chrome/webdriver.py\", line 45, in __init__\n    super().__init__(\n  File \"/opt/hostedtoolcache/Python/3.11.2/x64/lib/python3.11/site-packages/selenium/webdriver/chromium/webdriver.py\", line 56, in __init__\n    super().__init__(\n  File \"/opt/hostedtoolcache/Python/3.11.2/x64/lib/python3.11/site-packages/selenium/webdriver/remote/webdriver.py\", line 208, in __init__\n    self.start_session(capabilities)\n  File \"/opt/hostedtoolcache/Python/3.11.2/x64/lib/python3.11/site-packages/selenium/webdriver/remote/webdriver.py\", line 292, in start_session\n    response = self.execute(Command.NEW_SESSION, caps)[\"value\"]\n               ^^^^^^^^^^^^^^^^^^^^^^^^^^^^^^^^^^^^^^^\n  File \"/opt/hostedtoolcache/Python/3.11.2/x64/lib/python3.11/site-packages/selenium/webdriver/remote/webdriver.py\", line 347, in execute\n    self.error_handler.check_response(response)\n  File \"/opt/hostedtoolcache/Python/3.11.2/x64/lib/python3.11/site-packages/selenium/webdriver/remote/errorhandler.py\", line 229, in check_response\n    raise exception_class(message, screen, stacktrace)\n",
  "flaky" : false,
  "newFailed" : false,
  "beforeStages" : [ ],
  "testStage" : {
    "status" : "broken",
    "statusMessage" : "selenium.common.exceptions.SessionNotCreatedException: Message: session not created: Chrome failed to start: exited normally.\n  (session not created: DevToolsActivePort file doesn't exist)\n  (The process started from chrome location /usr/bin/google-chrome is no longer running, so ChromeDriver is assuming that Chrome has crashed.)\nStacktrace:\n#0 0x55d0c8cae5e3 <unknown>\n#1 0x55d0c89710b7 <unknown>\n#2 0x55d0c89a7e55 <unknown>\n#3 0x55d0c89a4b81 <unknown>\n#4 0x55d0c89ef47f <unknown>\n#5 0x55d0c89e5cc3 <unknown>\n#6 0x55d0c89b10e4 <unknown>\n#7 0x55d0c89b20ae <unknown>\n#8 0x55d0c8c74ce1 <unknown>\n#9 0x55d0c8c78b7e <unknown>\n#10 0x55d0c8c624b5 <unknown>\n#11 0x55d0c8c797d6 <unknown>\n#12 0x55d0c8c45dbf <unknown>\n#13 0x55d0c8c9c748 <unknown>\n#14 0x55d0c8c9c917 <unknown>\n#15 0x55d0c8cad773 <unknown>\n#16 0x7ff17d094ac3 <unknown>\n\n",
    "statusTrace" : "  File \"/opt/hostedtoolcache/Python/3.11.2/x64/lib/python3.11/site-packages/behave/model.py\", line 1329, in run\n    match.run(runner.context)\n  File \"/opt/hostedtoolcache/Python/3.11.2/x64/lib/python3.11/site-packages/behave/matchers.py\", line 98, in run\n    self.func(context, *args, **kwargs)\n  File \"features/steps/ahorcado_steps.py\", line 31, in step_given\n    context.driver = webdriver.Chrome()\n                     ^^^^^^^^^^^^^^^^^^\n  File \"/opt/hostedtoolcache/Python/3.11.2/x64/lib/python3.11/site-packages/selenium/webdriver/chrome/webdriver.py\", line 45, in __init__\n    super().__init__(\n  File \"/opt/hostedtoolcache/Python/3.11.2/x64/lib/python3.11/site-packages/selenium/webdriver/chromium/webdriver.py\", line 56, in __init__\n    super().__init__(\n  File \"/opt/hostedtoolcache/Python/3.11.2/x64/lib/python3.11/site-packages/selenium/webdriver/remote/webdriver.py\", line 208, in __init__\n    self.start_session(capabilities)\n  File \"/opt/hostedtoolcache/Python/3.11.2/x64/lib/python3.11/site-packages/selenium/webdriver/remote/webdriver.py\", line 292, in start_session\n    response = self.execute(Command.NEW_SESSION, caps)[\"value\"]\n               ^^^^^^^^^^^^^^^^^^^^^^^^^^^^^^^^^^^^^^^\n  File \"/opt/hostedtoolcache/Python/3.11.2/x64/lib/python3.11/site-packages/selenium/webdriver/remote/webdriver.py\", line 347, in execute\n    self.error_handler.check_response(response)\n  File \"/opt/hostedtoolcache/Python/3.11.2/x64/lib/python3.11/site-packages/selenium/webdriver/remote/errorhandler.py\", line 229, in check_response\n    raise exception_class(message, screen, stacktrace)\n",
    "steps" : [ {
      "name" : "Given Que estoy en la p치gina del Juego del Ahorcado",
      "time" : {
        "start" : 1700945438861,
        "stop" : 1700945439524,
        "duration" : 663
      },
      "status" : "broken",
      "statusMessage" : "selenium.common.exceptions.SessionNotCreatedException: Message: session not created: Chrome failed to start: exited normally.\n  (session not created: DevToolsActivePort file doesn't exist)\n  (The process started from chrome location /usr/bin/google-chrome is no longer running, so ChromeDriver is assuming that Chrome has crashed.)\nStacktrace:\n#0 0x55d0c8cae5e3 <unknown>\n#1 0x55d0c89710b7 <unknown>\n#2 0x55d0c89a7e55 <unknown>\n#3 0x55d0c89a4b81 <unknown>\n#4 0x55d0c89ef47f <unknown>\n#5 0x55d0c89e5cc3 <unknown>\n#6 0x55d0c89b10e4 <unknown>\n#7 0x55d0c89b20ae <unknown>\n#8 0x55d0c8c74ce1 <unknown>\n#9 0x55d0c8c78b7e <unknown>\n#10 0x55d0c8c624b5 <unknown>\n#11 0x55d0c8c797d6 <unknown>\n#12 0x55d0c8c45dbf <unknown>\n#13 0x55d0c8c9c748 <unknown>\n#14 0x55d0c8c9c917 <unknown>\n#15 0x55d0c8cad773 <unknown>\n#16 0x7ff17d094ac3 <unknown>\n\n",
      "statusTrace" : "  File \"/opt/hostedtoolcache/Python/3.11.2/x64/lib/python3.11/site-packages/behave/model.py\", line 1329, in run\n    match.run(runner.context)\n  File \"/opt/hostedtoolcache/Python/3.11.2/x64/lib/python3.11/site-packages/behave/matchers.py\", line 98, in run\n    self.func(context, *args, **kwargs)\n  File \"features/steps/ahorcado_steps.py\", line 31, in step_given\n    context.driver = webdriver.Chrome()\n                     ^^^^^^^^^^^^^^^^^^\n  File \"/opt/hostedtoolcache/Python/3.11.2/x64/lib/python3.11/site-packages/selenium/webdriver/chrome/webdriver.py\", line 45, in __init__\n    super().__init__(\n  File \"/opt/hostedtoolcache/Python/3.11.2/x64/lib/python3.11/site-packages/selenium/webdriver/chromium/webdriver.py\", line 56, in __init__\n    super().__init__(\n  File \"/opt/hostedtoolcache/Python/3.11.2/x64/lib/python3.11/site-packages/selenium/webdriver/remote/webdriver.py\", line 208, in __init__\n    self.start_session(capabilities)\n  File \"/opt/hostedtoolcache/Python/3.11.2/x64/lib/python3.11/site-packages/selenium/webdriver/remote/webdriver.py\", line 292, in start_session\n    response = self.execute(Command.NEW_SESSION, caps)[\"value\"]\n               ^^^^^^^^^^^^^^^^^^^^^^^^^^^^^^^^^^^^^^^\n  File \"/opt/hostedtoolcache/Python/3.11.2/x64/lib/python3.11/site-packages/selenium/webdriver/remote/webdriver.py\", line 347, in execute\n    self.error_handler.check_response(response)\n  File \"/opt/hostedtoolcache/Python/3.11.2/x64/lib/python3.11/site-packages/selenium/webdriver/remote/errorhandler.py\", line 229, in check_response\n    raise exception_class(message, screen, stacktrace)\n",
      "steps" : [ ],
      "attachments" : [ ],
      "parameters" : [ ],
      "attachmentsCount" : 0,
      "shouldDisplayMessage" : true,
      "hasContent" : true,
      "stepsCount" : 0
    }, {
      "name" : "When Eligo \"Jugar por tem치ticas\"",
      "time" : {
        "start" : 1700945439524,
        "stop" : 1700945439524,
        "duration" : 0
      },
      "status" : "skipped",
      "steps" : [ ],
      "attachments" : [ ],
      "parameters" : [ ],
      "attachmentsCount" : 0,
      "shouldDisplayMessage" : false,
      "hasContent" : false,
      "stepsCount" : 0
    }, {
      "name" : "And Hago clic en el boton Continuar",
      "time" : {
        "start" : 1700945439524,
        "stop" : 1700945439524,
        "duration" : 0
      },
      "status" : "skipped",
      "steps" : [ ],
      "attachments" : [ ],
      "parameters" : [ ],
      "attachmentsCount" : 0,
      "shouldDisplayMessage" : false,
      "hasContent" : false,
      "stepsCount" : 0
    }, {
      "name" : "Then Deberia ser redirigido a la proxima pagina",
      "time" : {
        "start" : 1700945439524,
        "stop" : 1700945439524,
        "duration" : 0
      },
      "status" : "skipped",
      "steps" : [ ],
      "attachments" : [ ],
      "parameters" : [ ],
      "attachmentsCount" : 0,
      "shouldDisplayMessage" : false,
      "hasContent" : false,
      "stepsCount" : 0
    }, {
      "name" : "And Deberia ver la opcion \"Deportes\"",
      "time" : {
        "start" : 1700945439524,
        "stop" : 1700945439524,
        "duration" : 0
      },
      "status" : "skipped",
      "steps" : [ ],
      "attachments" : [ ],
      "parameters" : [ ],
      "attachmentsCount" : 0,
      "shouldDisplayMessage" : false,
      "hasContent" : false,
      "stepsCount" : 0
    } ],
    "attachments" : [ ],
    "parameters" : [ ],
    "attachmentsCount" : 0,
    "shouldDisplayMessage" : false,
    "hasContent" : true,
    "stepsCount" : 5
  },
  "afterStages" : [ ],
  "labels" : [ {
    "name" : "severity",
    "value" : "normal"
  }, {
    "name" : "feature",
    "value" : "Juego del Ahorcado"
  }, {
    "name" : "framework",
    "value" : "behave"
  }, {
    "name" : "language",
    "value" : "cpython3"
  }, {
    "name" : "resultFormat",
    "value" : "allure2"
  } ],
  "parameters" : [ {
    "name" : "opcion",
    "value" : "Jugar por tem치ticas"
  }, {
    "name" : "seleccion",
    "value" : "Deportes"
  } ],
  "links" : [ ],
  "hidden" : false,
  "retry" : false,
  "extra" : {
    "severity" : "normal",
    "retries" : [ {
      "uid" : "a895ddba37dde8cf",
      "status" : "broken",
      "statusDetails" : "selenium.common.exceptions.SessionNotCreatedException: Message: session not created: Chrome failed to start: exited normally.\n  (session not created: DevToolsActivePort file doesn't exist)\n  (The process started from chrome location /usr/bin/google-chrome is no longer running, so ChromeDriver is assuming that Chrome has crashed.)\nStacktrace:\n#0 0x556768af65e3 <unknown>\n#1 0x5567687b90b7 <unknown>\n#2 0x5567687efe55 <unknown>\n#3 0x5567687ecb81 <unknown>\n#4 0x55676883747f <unknown>\n#5 0x55676882dcc3 <unknown>\n#6 0x5567687f90e4 <unknown>\n#7 0x5567687fa0ae <unknown>\n#8 0x556768abcce1 <unknown>\n#9 0x556768ac0b7e <unknown>\n#10 0x556768aaa4b5 <unknown>\n#11 0x556768ac17d6 <unknown>\n#12 0x556768a8ddbf <unknown>\n#13 0x556768ae4748 <unknown>\n#14 0x556768ae4917 <unknown>\n#15 0x556768af5773 <unknown>\n#16 0x7f4e2b694ac3 <unknown>\n\n",
      "time" : {
        "start" : 1700945060466,
        "stop" : 1700945061129,
        "duration" : 663
      }
    }, {
      "uid" : "b58632635f5c1d90",
      "status" : "broken",
      "statusDetails" : "selenium.common.exceptions.SessionNotCreatedException: Message: session not created: Chrome failed to start: exited normally.\n  (session not created: DevToolsActivePort file doesn't exist)\n  (The process started from chrome location /usr/bin/google-chrome is no longer running, so ChromeDriver is assuming that Chrome has crashed.)\nStacktrace:\n#0 0x563693a355e3 <unknown>\n#1 0x5636936f80b7 <unknown>\n#2 0x56369372ee55 <unknown>\n#3 0x56369372bb81 <unknown>\n#4 0x56369377647f <unknown>\n#5 0x56369376ccc3 <unknown>\n#6 0x5636937380e4 <unknown>\n#7 0x5636937390ae <unknown>\n#8 0x5636939fbce1 <unknown>\n#9 0x5636939ffb7e <unknown>\n#10 0x5636939e94b5 <unknown>\n#11 0x563693a007d6 <unknown>\n#12 0x5636939ccdbf <unknown>\n#13 0x563693a23748 <unknown>\n#14 0x563693a23917 <unknown>\n#15 0x563693a34773 <unknown>\n#16 0x7f2eda094ac3 <unknown>\n\n",
      "time" : {
        "start" : 1700944222270,
        "stop" : 1700944222933,
        "duration" : 663
      }
    }, {
      "uid" : "9e29a01e8877a088",
      "status" : "broken",
      "statusDetails" : "selenium.common.exceptions.SessionNotCreatedException: Message: session not created: Chrome failed to start: exited normally.\n  (session not created: DevToolsActivePort file doesn't exist)\n  (The process started from chrome location /usr/bin/google-chrome is no longer running, so ChromeDriver is assuming that Chrome has crashed.)\nStacktrace:\n#0 0x55580cb375e3 <unknown>\n#1 0x55580c7fa0b7 <unknown>\n#2 0x55580c830e55 <unknown>\n#3 0x55580c82db81 <unknown>\n#4 0x55580c87847f <unknown>\n#5 0x55580c86ecc3 <unknown>\n#6 0x55580c83a0e4 <unknown>\n#7 0x55580c83b0ae <unknown>\n#8 0x55580cafdce1 <unknown>\n#9 0x55580cb01b7e <unknown>\n#10 0x55580caeb4b5 <unknown>\n#11 0x55580cb027d6 <unknown>\n#12 0x55580cacedbf <unknown>\n#13 0x55580cb25748 <unknown>\n#14 0x55580cb25917 <unknown>\n#15 0x55580cb36773 <unknown>\n#16 0x7f082fe94ac3 <unknown>\n\n",
      "time" : {
        "start" : 1700943251978,
        "stop" : 1700943252642,
        "duration" : 664
      }
    }, {
      "uid" : "e00ce909e0a6ff5b",
      "status" : "broken",
      "statusDetails" : "selenium.common.exceptions.SessionNotCreatedException: Message: session not created: Chrome failed to start: exited normally.\n  (session not created: DevToolsActivePort file doesn't exist)\n  (The process started from chrome location /usr/bin/google-chrome is no longer running, so ChromeDriver is assuming that Chrome has crashed.)\nStacktrace:\n#0 0x561ee2b3c5e3 <unknown>\n#1 0x561ee27ff0b7 <unknown>\n#2 0x561ee2835e55 <unknown>\n#3 0x561ee2832b81 <unknown>\n#4 0x561ee287d47f <unknown>\n#5 0x561ee2873cc3 <unknown>\n#6 0x561ee283f0e4 <unknown>\n#7 0x561ee28400ae <unknown>\n#8 0x561ee2b02ce1 <unknown>\n#9 0x561ee2b06b7e <unknown>\n#10 0x561ee2af04b5 <unknown>\n#11 0x561ee2b077d6 <unknown>\n#12 0x561ee2ad3dbf <unknown>\n#13 0x561ee2b2a748 <unknown>\n#14 0x561ee2b2a917 <unknown>\n#15 0x561ee2b3b773 <unknown>\n#16 0x7f9147094ac3 <unknown>\n\n",
      "time" : {
        "start" : 1700942986626,
        "stop" : 1700942987289,
        "duration" : 663
      }
    } ],
    "categories" : [ {
      "name" : "Test defects",
      "matchedStatuses" : [ ],
      "flaky" : false
    } ],
    "history" : {
      "statistic" : {
        "failed" : 0,
        "broken" : 5,
        "skipped" : 0,
        "passed" : 0,
        "unknown" : 0,
        "total" : 5
      },
      "items" : [ {
        "uid" : "c0db1b8ed1d63948",
        "reportUrl" : "https://PauliLuna.github.io/Ahorcado/5/#testresult/c0db1b8ed1d63948",
        "status" : "broken",
        "statusDetails" : "selenium.common.exceptions.SessionNotCreatedException: Message: session not created: Chrome failed to start: exited normally.\n  (session not created: DevToolsActivePort file doesn't exist)\n  (The process started from chrome location /usr/bin/google-chrome is no longer running, so ChromeDriver is assuming that Chrome has crashed.)\nStacktrace:\n#0 0x556768af65e3 <unknown>\n#1 0x5567687b90b7 <unknown>\n#2 0x5567687efe55 <unknown>\n#3 0x5567687ecb81 <unknown>\n#4 0x55676883747f <unknown>\n#5 0x55676882dcc3 <unknown>\n#6 0x5567687f90e4 <unknown>\n#7 0x5567687fa0ae <unknown>\n#8 0x556768abcce1 <unknown>\n#9 0x556768ac0b7e <unknown>\n#10 0x556768aaa4b5 <unknown>\n#11 0x556768ac17d6 <unknown>\n#12 0x556768a8ddbf <unknown>\n#13 0x556768ae4748 <unknown>\n#14 0x556768ae4917 <unknown>\n#15 0x556768af5773 <unknown>\n#16 0x7f4e2b694ac3 <unknown>\n\n",
        "time" : {
          "start" : 1700945060466,
          "stop" : 1700945061129,
          "duration" : 663
        }
      }, {
        "uid" : "6bb109ea1b845f19",
        "reportUrl" : "https://PauliLuna.github.io/Ahorcado/4/#testresult/6bb109ea1b845f19",
        "status" : "broken",
        "statusDetails" : "selenium.common.exceptions.SessionNotCreatedException: Message: session not created: Chrome failed to start: exited normally.\n  (session not created: DevToolsActivePort file doesn't exist)\n  (The process started from chrome location /usr/bin/google-chrome is no longer running, so ChromeDriver is assuming that Chrome has crashed.)\nStacktrace:\n#0 0x563693a355e3 <unknown>\n#1 0x5636936f80b7 <unknown>\n#2 0x56369372ee55 <unknown>\n#3 0x56369372bb81 <unknown>\n#4 0x56369377647f <unknown>\n#5 0x56369376ccc3 <unknown>\n#6 0x5636937380e4 <unknown>\n#7 0x5636937390ae <unknown>\n#8 0x5636939fbce1 <unknown>\n#9 0x5636939ffb7e <unknown>\n#10 0x5636939e94b5 <unknown>\n#11 0x563693a007d6 <unknown>\n#12 0x5636939ccdbf <unknown>\n#13 0x563693a23748 <unknown>\n#14 0x563693a23917 <unknown>\n#15 0x563693a34773 <unknown>\n#16 0x7f2eda094ac3 <unknown>\n\n",
        "time" : {
          "start" : 1700944222270,
          "stop" : 1700944222933,
          "duration" : 663
        }
      }, {
        "uid" : "61291c04d03711b9",
        "reportUrl" : "https://PauliLuna.github.io/Ahorcado/3/#testresult/61291c04d03711b9",
        "status" : "broken",
        "statusDetails" : "selenium.common.exceptions.SessionNotCreatedException: Message: session not created: Chrome failed to start: exited normally.\n  (session not created: DevToolsActivePort file doesn't exist)\n  (The process started from chrome location /usr/bin/google-chrome is no longer running, so ChromeDriver is assuming that Chrome has crashed.)\nStacktrace:\n#0 0x55580cb375e3 <unknown>\n#1 0x55580c7fa0b7 <unknown>\n#2 0x55580c830e55 <unknown>\n#3 0x55580c82db81 <unknown>\n#4 0x55580c87847f <unknown>\n#5 0x55580c86ecc3 <unknown>\n#6 0x55580c83a0e4 <unknown>\n#7 0x55580c83b0ae <unknown>\n#8 0x55580cafdce1 <unknown>\n#9 0x55580cb01b7e <unknown>\n#10 0x55580caeb4b5 <unknown>\n#11 0x55580cb027d6 <unknown>\n#12 0x55580cacedbf <unknown>\n#13 0x55580cb25748 <unknown>\n#14 0x55580cb25917 <unknown>\n#15 0x55580cb36773 <unknown>\n#16 0x7f082fe94ac3 <unknown>\n\n",
        "time" : {
          "start" : 1700943251978,
          "stop" : 1700943252642,
          "duration" : 664
        }
      }, {
        "uid" : "28c360d8fb2c51b",
        "reportUrl" : "https://PauliLuna.github.io/Ahorcado/2/#testresult/28c360d8fb2c51b",
        "status" : "broken",
        "statusDetails" : "selenium.common.exceptions.SessionNotCreatedException: Message: session not created: Chrome failed to start: exited normally.\n  (session not created: DevToolsActivePort file doesn't exist)\n  (The process started from chrome location /usr/bin/google-chrome is no longer running, so ChromeDriver is assuming that Chrome has crashed.)\nStacktrace:\n#0 0x561ee2b3c5e3 <unknown>\n#1 0x561ee27ff0b7 <unknown>\n#2 0x561ee2835e55 <unknown>\n#3 0x561ee2832b81 <unknown>\n#4 0x561ee287d47f <unknown>\n#5 0x561ee2873cc3 <unknown>\n#6 0x561ee283f0e4 <unknown>\n#7 0x561ee28400ae <unknown>\n#8 0x561ee2b02ce1 <unknown>\n#9 0x561ee2b06b7e <unknown>\n#10 0x561ee2af04b5 <unknown>\n#11 0x561ee2b077d6 <unknown>\n#12 0x561ee2ad3dbf <unknown>\n#13 0x561ee2b2a748 <unknown>\n#14 0x561ee2b2a917 <unknown>\n#15 0x561ee2b3b773 <unknown>\n#16 0x7f9147094ac3 <unknown>\n\n",
        "time" : {
          "start" : 1700942986626,
          "stop" : 1700942987289,
          "duration" : 663
        }
      } ]
    },
    "tags" : [ ]
  },
  "source" : "29a6e36b439193ee.json",
  "parameterValues" : [ "Jugar por tem치ticas", "Deportes" ]
}