{
  "uid" : "75865c8f80154735",
  "name" : "Elegir diferentes tematicas o niveles -- @1.4 Tematicas",
  "fullName" : "Juego del Ahorcado: Elegir diferentes tematicas o niveles",
  "historyId" : "3b8c1d5a05ff256130fb79228d7bc78e",
  "time" : {
    "start" : 1700945059803,
    "stop" : 1700945060466,
    "duration" : 663
  },
  "status" : "broken",
  "statusMessage" : "selenium.common.exceptions.SessionNotCreatedException: Message: session not created: Chrome failed to start: exited normally.\n  (session not created: DevToolsActivePort file doesn't exist)\n  (The process started from chrome location /usr/bin/google-chrome is no longer running, so ChromeDriver is assuming that Chrome has crashed.)\nStacktrace:\n#0 0x55a4456a35e3 <unknown>\n#1 0x55a4453660b7 <unknown>\n#2 0x55a44539ce55 <unknown>\n#3 0x55a445399b81 <unknown>\n#4 0x55a4453e447f <unknown>\n#5 0x55a4453dacc3 <unknown>\n#6 0x55a4453a60e4 <unknown>\n#7 0x55a4453a70ae <unknown>\n#8 0x55a445669ce1 <unknown>\n#9 0x55a44566db7e <unknown>\n#10 0x55a4456574b5 <unknown>\n#11 0x55a44566e7d6 <unknown>\n#12 0x55a44563adbf <unknown>\n#13 0x55a445691748 <unknown>\n#14 0x55a445691917 <unknown>\n#15 0x55a4456a2773 <unknown>\n#16 0x7f7b81294ac3 <unknown>\n\n",
  "statusTrace" : "  File \"/opt/hostedtoolcache/Python/3.11.2/x64/lib/python3.11/site-packages/behave/model.py\", line 1329, in run\n    match.run(runner.context)\n  File \"/opt/hostedtoolcache/Python/3.11.2/x64/lib/python3.11/site-packages/behave/matchers.py\", line 98, in run\n    self.func(context, *args, **kwargs)\n  File \"features/steps/ahorcado_steps.py\", line 31, in step_given\n    context.driver = webdriver.Chrome()\n                     ^^^^^^^^^^^^^^^^^^\n  File \"/opt/hostedtoolcache/Python/3.11.2/x64/lib/python3.11/site-packages/selenium/webdriver/chrome/webdriver.py\", line 45, in __init__\n    super().__init__(\n  File \"/opt/hostedtoolcache/Python/3.11.2/x64/lib/python3.11/site-packages/selenium/webdriver/chromium/webdriver.py\", line 56, in __init__\n    super().__init__(\n  File \"/opt/hostedtoolcache/Python/3.11.2/x64/lib/python3.11/site-packages/selenium/webdriver/remote/webdriver.py\", line 208, in __init__\n    self.start_session(capabilities)\n  File \"/opt/hostedtoolcache/Python/3.11.2/x64/lib/python3.11/site-packages/selenium/webdriver/remote/webdriver.py\", line 292, in start_session\n    response = self.execute(Command.NEW_SESSION, caps)[\"value\"]\n               ^^^^^^^^^^^^^^^^^^^^^^^^^^^^^^^^^^^^^^^\n  File \"/opt/hostedtoolcache/Python/3.11.2/x64/lib/python3.11/site-packages/selenium/webdriver/remote/webdriver.py\", line 347, in execute\n    self.error_handler.check_response(response)\n  File \"/opt/hostedtoolcache/Python/3.11.2/x64/lib/python3.11/site-packages/selenium/webdriver/remote/errorhandler.py\", line 229, in check_response\n    raise exception_class(message, screen, stacktrace)\n",
  "flaky" : false,
  "newFailed" : false,
  "beforeStages" : [ ],
  "testStage" : {
    "status" : "broken",
    "statusMessage" : "selenium.common.exceptions.SessionNotCreatedException: Message: session not created: Chrome failed to start: exited normally.\n  (session not created: DevToolsActivePort file doesn't exist)\n  (The process started from chrome location /usr/bin/google-chrome is no longer running, so ChromeDriver is assuming that Chrome has crashed.)\nStacktrace:\n#0 0x55a4456a35e3 <unknown>\n#1 0x55a4453660b7 <unknown>\n#2 0x55a44539ce55 <unknown>\n#3 0x55a445399b81 <unknown>\n#4 0x55a4453e447f <unknown>\n#5 0x55a4453dacc3 <unknown>\n#6 0x55a4453a60e4 <unknown>\n#7 0x55a4453a70ae <unknown>\n#8 0x55a445669ce1 <unknown>\n#9 0x55a44566db7e <unknown>\n#10 0x55a4456574b5 <unknown>\n#11 0x55a44566e7d6 <unknown>\n#12 0x55a44563adbf <unknown>\n#13 0x55a445691748 <unknown>\n#14 0x55a445691917 <unknown>\n#15 0x55a4456a2773 <unknown>\n#16 0x7f7b81294ac3 <unknown>\n\n",
    "statusTrace" : "  File \"/opt/hostedtoolcache/Python/3.11.2/x64/lib/python3.11/site-packages/behave/model.py\", line 1329, in run\n    match.run(runner.context)\n  File \"/opt/hostedtoolcache/Python/3.11.2/x64/lib/python3.11/site-packages/behave/matchers.py\", line 98, in run\n    self.func(context, *args, **kwargs)\n  File \"features/steps/ahorcado_steps.py\", line 31, in step_given\n    context.driver = webdriver.Chrome()\n                     ^^^^^^^^^^^^^^^^^^\n  File \"/opt/hostedtoolcache/Python/3.11.2/x64/lib/python3.11/site-packages/selenium/webdriver/chrome/webdriver.py\", line 45, in __init__\n    super().__init__(\n  File \"/opt/hostedtoolcache/Python/3.11.2/x64/lib/python3.11/site-packages/selenium/webdriver/chromium/webdriver.py\", line 56, in __init__\n    super().__init__(\n  File \"/opt/hostedtoolcache/Python/3.11.2/x64/lib/python3.11/site-packages/selenium/webdriver/remote/webdriver.py\", line 208, in __init__\n    self.start_session(capabilities)\n  File \"/opt/hostedtoolcache/Python/3.11.2/x64/lib/python3.11/site-packages/selenium/webdriver/remote/webdriver.py\", line 292, in start_session\n    response = self.execute(Command.NEW_SESSION, caps)[\"value\"]\n               ^^^^^^^^^^^^^^^^^^^^^^^^^^^^^^^^^^^^^^^\n  File \"/opt/hostedtoolcache/Python/3.11.2/x64/lib/python3.11/site-packages/selenium/webdriver/remote/webdriver.py\", line 347, in execute\n    self.error_handler.check_response(response)\n  File \"/opt/hostedtoolcache/Python/3.11.2/x64/lib/python3.11/site-packages/selenium/webdriver/remote/errorhandler.py\", line 229, in check_response\n    raise exception_class(message, screen, stacktrace)\n",
    "steps" : [ {
      "name" : "Given Que estoy en la p치gina del Juego del Ahorcado",
      "time" : {
        "start" : 1700945059803,
        "stop" : 1700945060465,
        "duration" : 662
      },
      "status" : "broken",
      "statusMessage" : "selenium.common.exceptions.SessionNotCreatedException: Message: session not created: Chrome failed to start: exited normally.\n  (session not created: DevToolsActivePort file doesn't exist)\n  (The process started from chrome location /usr/bin/google-chrome is no longer running, so ChromeDriver is assuming that Chrome has crashed.)\nStacktrace:\n#0 0x55a4456a35e3 <unknown>\n#1 0x55a4453660b7 <unknown>\n#2 0x55a44539ce55 <unknown>\n#3 0x55a445399b81 <unknown>\n#4 0x55a4453e447f <unknown>\n#5 0x55a4453dacc3 <unknown>\n#6 0x55a4453a60e4 <unknown>\n#7 0x55a4453a70ae <unknown>\n#8 0x55a445669ce1 <unknown>\n#9 0x55a44566db7e <unknown>\n#10 0x55a4456574b5 <unknown>\n#11 0x55a44566e7d6 <unknown>\n#12 0x55a44563adbf <unknown>\n#13 0x55a445691748 <unknown>\n#14 0x55a445691917 <unknown>\n#15 0x55a4456a2773 <unknown>\n#16 0x7f7b81294ac3 <unknown>\n\n",
      "statusTrace" : "  File \"/opt/hostedtoolcache/Python/3.11.2/x64/lib/python3.11/site-packages/behave/model.py\", line 1329, in run\n    match.run(runner.context)\n  File \"/opt/hostedtoolcache/Python/3.11.2/x64/lib/python3.11/site-packages/behave/matchers.py\", line 98, in run\n    self.func(context, *args, **kwargs)\n  File \"features/steps/ahorcado_steps.py\", line 31, in step_given\n    context.driver = webdriver.Chrome()\n                     ^^^^^^^^^^^^^^^^^^\n  File \"/opt/hostedtoolcache/Python/3.11.2/x64/lib/python3.11/site-packages/selenium/webdriver/chrome/webdriver.py\", line 45, in __init__\n    super().__init__(\n  File \"/opt/hostedtoolcache/Python/3.11.2/x64/lib/python3.11/site-packages/selenium/webdriver/chromium/webdriver.py\", line 56, in __init__\n    super().__init__(\n  File \"/opt/hostedtoolcache/Python/3.11.2/x64/lib/python3.11/site-packages/selenium/webdriver/remote/webdriver.py\", line 208, in __init__\n    self.start_session(capabilities)\n  File \"/opt/hostedtoolcache/Python/3.11.2/x64/lib/python3.11/site-packages/selenium/webdriver/remote/webdriver.py\", line 292, in start_session\n    response = self.execute(Command.NEW_SESSION, caps)[\"value\"]\n               ^^^^^^^^^^^^^^^^^^^^^^^^^^^^^^^^^^^^^^^\n  File \"/opt/hostedtoolcache/Python/3.11.2/x64/lib/python3.11/site-packages/selenium/webdriver/remote/webdriver.py\", line 347, in execute\n    self.error_handler.check_response(response)\n  File \"/opt/hostedtoolcache/Python/3.11.2/x64/lib/python3.11/site-packages/selenium/webdriver/remote/errorhandler.py\", line 229, in check_response\n    raise exception_class(message, screen, stacktrace)\n",
      "steps" : [ ],
      "attachments" : [ ],
      "parameters" : [ ],
      "stepsCount" : 0,
      "attachmentsCount" : 0,
      "shouldDisplayMessage" : true,
      "hasContent" : true
    }, {
      "name" : "When Eligo \"Jugar por tem치ticas\"",
      "time" : {
        "start" : 1700945060466,
        "stop" : 1700945060466,
        "duration" : 0
      },
      "status" : "skipped",
      "steps" : [ ],
      "attachments" : [ ],
      "parameters" : [ ],
      "stepsCount" : 0,
      "attachmentsCount" : 0,
      "shouldDisplayMessage" : false,
      "hasContent" : false
    }, {
      "name" : "And Hago clic en el boton Continuar",
      "time" : {
        "start" : 1700945060466,
        "stop" : 1700945060466,
        "duration" : 0
      },
      "status" : "skipped",
      "steps" : [ ],
      "attachments" : [ ],
      "parameters" : [ ],
      "stepsCount" : 0,
      "attachmentsCount" : 0,
      "shouldDisplayMessage" : false,
      "hasContent" : false
    }, {
      "name" : "Then Deberia ser redirigido a la proxima pagina",
      "time" : {
        "start" : 1700945060466,
        "stop" : 1700945060466,
        "duration" : 0
      },
      "status" : "skipped",
      "steps" : [ ],
      "attachments" : [ ],
      "parameters" : [ ],
      "stepsCount" : 0,
      "attachmentsCount" : 0,
      "shouldDisplayMessage" : false,
      "hasContent" : false
    }, {
      "name" : "And Deberia ver la opcion \"Profesiones\"",
      "time" : {
        "start" : 1700945060466,
        "stop" : 1700945060466,
        "duration" : 0
      },
      "status" : "skipped",
      "steps" : [ ],
      "attachments" : [ ],
      "parameters" : [ ],
      "stepsCount" : 0,
      "attachmentsCount" : 0,
      "shouldDisplayMessage" : false,
      "hasContent" : false
    } ],
    "attachments" : [ ],
    "parameters" : [ ],
    "stepsCount" : 5,
    "attachmentsCount" : 0,
    "shouldDisplayMessage" : false,
    "hasContent" : true
  },
  "afterStages" : [ ],
  "labels" : [ {
    "name" : "severity",
    "value" : "normal"
  }, {
    "name" : "feature",
    "value" : "Juego del Ahorcado"
  }, {
    "name" : "framework",
    "value" : "behave"
  }, {
    "name" : "language",
    "value" : "cpython3"
  }, {
    "name" : "resultFormat",
    "value" : "allure2"
  } ],
  "parameters" : [ {
    "name" : "opcion",
    "value" : "Jugar por tem치ticas"
  }, {
    "name" : "seleccion",
    "value" : "Profesiones"
  } ],
  "links" : [ ],
  "hidden" : false,
  "retry" : false,
  "extra" : {
    "severity" : "normal",
    "retries" : [ {
      "uid" : "f859a3dfe5f06873",
      "status" : "broken",
      "statusDetails" : "selenium.common.exceptions.SessionNotCreatedException: Message: session not created: Chrome failed to start: exited normally.\n  (session not created: DevToolsActivePort file doesn't exist)\n  (The process started from chrome location /usr/bin/google-chrome is no longer running, so ChromeDriver is assuming that Chrome has crashed.)\nStacktrace:\n#0 0x5605ea0f45e3 <unknown>\n#1 0x5605e9db70b7 <unknown>\n#2 0x5605e9dede55 <unknown>\n#3 0x5605e9deab81 <unknown>\n#4 0x5605e9e3547f <unknown>\n#5 0x5605e9e2bcc3 <unknown>\n#6 0x5605e9df70e4 <unknown>\n#7 0x5605e9df80ae <unknown>\n#8 0x5605ea0bace1 <unknown>\n#9 0x5605ea0beb7e <unknown>\n#10 0x5605ea0a84b5 <unknown>\n#11 0x5605ea0bf7d6 <unknown>\n#12 0x5605ea08bdbf <unknown>\n#13 0x5605ea0e2748 <unknown>\n#14 0x5605ea0e2917 <unknown>\n#15 0x5605ea0f3773 <unknown>\n#16 0x7f2072494ac3 <unknown>\n\n",
      "time" : {
        "start" : 1700944221606,
        "stop" : 1700944222269,
        "duration" : 663
      }
    }, {
      "uid" : "d757450902ac180d",
      "status" : "broken",
      "statusDetails" : "selenium.common.exceptions.SessionNotCreatedException: Message: session not created: Chrome failed to start: exited normally.\n  (session not created: DevToolsActivePort file doesn't exist)\n  (The process started from chrome location /usr/bin/google-chrome is no longer running, so ChromeDriver is assuming that Chrome has crashed.)\nStacktrace:\n#0 0x5560a94c85e3 <unknown>\n#1 0x5560a918b0b7 <unknown>\n#2 0x5560a91c1e55 <unknown>\n#3 0x5560a91beb81 <unknown>\n#4 0x5560a920947f <unknown>\n#5 0x5560a91ffcc3 <unknown>\n#6 0x5560a91cb0e4 <unknown>\n#7 0x5560a91cc0ae <unknown>\n#8 0x5560a948ece1 <unknown>\n#9 0x5560a9492b7e <unknown>\n#10 0x5560a947c4b5 <unknown>\n#11 0x5560a94937d6 <unknown>\n#12 0x5560a945fdbf <unknown>\n#13 0x5560a94b6748 <unknown>\n#14 0x5560a94b6917 <unknown>\n#15 0x5560a94c7773 <unknown>\n#16 0x7fe0baa94ac3 <unknown>\n\n",
      "time" : {
        "start" : 1700943251314,
        "stop" : 1700943251978,
        "duration" : 664
      }
    }, {
      "uid" : "a56674479ef2af20",
      "status" : "broken",
      "statusDetails" : "selenium.common.exceptions.SessionNotCreatedException: Message: session not created: Chrome failed to start: exited normally.\n  (session not created: DevToolsActivePort file doesn't exist)\n  (The process started from chrome location /usr/bin/google-chrome is no longer running, so ChromeDriver is assuming that Chrome has crashed.)\nStacktrace:\n#0 0x5642630265e3 <unknown>\n#1 0x564262ce90b7 <unknown>\n#2 0x564262d1fe55 <unknown>\n#3 0x564262d1cb81 <unknown>\n#4 0x564262d6747f <unknown>\n#5 0x564262d5dcc3 <unknown>\n#6 0x564262d290e4 <unknown>\n#7 0x564262d2a0ae <unknown>\n#8 0x564262fecce1 <unknown>\n#9 0x564262ff0b7e <unknown>\n#10 0x564262fda4b5 <unknown>\n#11 0x564262ff17d6 <unknown>\n#12 0x564262fbddbf <unknown>\n#13 0x564263014748 <unknown>\n#14 0x564263014917 <unknown>\n#15 0x564263025773 <unknown>\n#16 0x7f5c9a494ac3 <unknown>\n\n",
      "time" : {
        "start" : 1700942985962,
        "stop" : 1700942986625,
        "duration" : 663
      }
    } ],
    "categories" : [ {
      "name" : "Test defects",
      "matchedStatuses" : [ ],
      "flaky" : false
    } ],
    "history" : {
      "statistic" : {
        "failed" : 0,
        "broken" : 4,
        "skipped" : 0,
        "passed" : 0,
        "unknown" : 0,
        "total" : 4
      },
      "items" : [ {
        "uid" : "272731eff77dfc72",
        "reportUrl" : "https://PauliLuna.github.io/Ahorcado/4/#testresult/272731eff77dfc72",
        "status" : "broken",
        "statusDetails" : "selenium.common.exceptions.SessionNotCreatedException: Message: session not created: Chrome failed to start: exited normally.\n  (session not created: DevToolsActivePort file doesn't exist)\n  (The process started from chrome location /usr/bin/google-chrome is no longer running, so ChromeDriver is assuming that Chrome has crashed.)\nStacktrace:\n#0 0x5605ea0f45e3 <unknown>\n#1 0x5605e9db70b7 <unknown>\n#2 0x5605e9dede55 <unknown>\n#3 0x5605e9deab81 <unknown>\n#4 0x5605e9e3547f <unknown>\n#5 0x5605e9e2bcc3 <unknown>\n#6 0x5605e9df70e4 <unknown>\n#7 0x5605e9df80ae <unknown>\n#8 0x5605ea0bace1 <unknown>\n#9 0x5605ea0beb7e <unknown>\n#10 0x5605ea0a84b5 <unknown>\n#11 0x5605ea0bf7d6 <unknown>\n#12 0x5605ea08bdbf <unknown>\n#13 0x5605ea0e2748 <unknown>\n#14 0x5605ea0e2917 <unknown>\n#15 0x5605ea0f3773 <unknown>\n#16 0x7f2072494ac3 <unknown>\n\n",
        "time" : {
          "start" : 1700944221606,
          "stop" : 1700944222269,
          "duration" : 663
        }
      }, {
        "uid" : "fb64a472bcbbb581",
        "reportUrl" : "https://PauliLuna.github.io/Ahorcado/3/#testresult/fb64a472bcbbb581",
        "status" : "broken",
        "statusDetails" : "selenium.common.exceptions.SessionNotCreatedException: Message: session not created: Chrome failed to start: exited normally.\n  (session not created: DevToolsActivePort file doesn't exist)\n  (The process started from chrome location /usr/bin/google-chrome is no longer running, so ChromeDriver is assuming that Chrome has crashed.)\nStacktrace:\n#0 0x5560a94c85e3 <unknown>\n#1 0x5560a918b0b7 <unknown>\n#2 0x5560a91c1e55 <unknown>\n#3 0x5560a91beb81 <unknown>\n#4 0x5560a920947f <unknown>\n#5 0x5560a91ffcc3 <unknown>\n#6 0x5560a91cb0e4 <unknown>\n#7 0x5560a91cc0ae <unknown>\n#8 0x5560a948ece1 <unknown>\n#9 0x5560a9492b7e <unknown>\n#10 0x5560a947c4b5 <unknown>\n#11 0x5560a94937d6 <unknown>\n#12 0x5560a945fdbf <unknown>\n#13 0x5560a94b6748 <unknown>\n#14 0x5560a94b6917 <unknown>\n#15 0x5560a94c7773 <unknown>\n#16 0x7fe0baa94ac3 <unknown>\n\n",
        "time" : {
          "start" : 1700943251314,
          "stop" : 1700943251978,
          "duration" : 664
        }
      }, {
        "uid" : "30ac57404df5b8d7",
        "reportUrl" : "https://PauliLuna.github.io/Ahorcado/2/#testresult/30ac57404df5b8d7",
        "status" : "broken",
        "statusDetails" : "selenium.common.exceptions.SessionNotCreatedException: Message: session not created: Chrome failed to start: exited normally.\n  (session not created: DevToolsActivePort file doesn't exist)\n  (The process started from chrome location /usr/bin/google-chrome is no longer running, so ChromeDriver is assuming that Chrome has crashed.)\nStacktrace:\n#0 0x5642630265e3 <unknown>\n#1 0x564262ce90b7 <unknown>\n#2 0x564262d1fe55 <unknown>\n#3 0x564262d1cb81 <unknown>\n#4 0x564262d6747f <unknown>\n#5 0x564262d5dcc3 <unknown>\n#6 0x564262d290e4 <unknown>\n#7 0x564262d2a0ae <unknown>\n#8 0x564262fecce1 <unknown>\n#9 0x564262ff0b7e <unknown>\n#10 0x564262fda4b5 <unknown>\n#11 0x564262ff17d6 <unknown>\n#12 0x564262fbddbf <unknown>\n#13 0x564263014748 <unknown>\n#14 0x564263014917 <unknown>\n#15 0x564263025773 <unknown>\n#16 0x7f5c9a494ac3 <unknown>\n\n",
        "time" : {
          "start" : 1700942985962,
          "stop" : 1700942986625,
          "duration" : 663
        }
      } ]
    },
    "tags" : [ ]
  },
  "source" : "75865c8f80154735.json",
  "parameterValues" : [ "Jugar por tem치ticas", "Profesiones" ]
}